#
# There is insufficient memory for the Java Runtime Environment to continue.
# Native memory allocation (mmap) failed to map 130023424 bytes for G1 virtual space
# Possible reasons:
#   The system is out of physical RAM or swap space
#   The process is running with CompressedOops enabled, and the Java Heap may be blocking the growth of the native heap
# Possible solutions:
#   Reduce memory load on the system
#   Increase physical memory or swap space
#   Check if swap backing store is full
#   Decrease Java heap size (-Xmx/-Xms)
#   Decrease number of Java threads
#   Decrease Java thread stack sizes (-Xss)
#   Set larger code cache with -XX:ReservedCodeCacheSize=
#   JVM is running with Unscaled Compressed Oops mode in which the Java heap is
#     placed in the first 4GB address space. The Java Heap base address is the
#     maximum limit for the native heap growth. Please use -XX:HeapBaseMinAddress
#     to set the Java Heap base and to place the Java Heap above 4GB virtual address.
# This output file may be truncated or incomplete.
#
#  Out of Memory Error (os_windows.cpp:3617), pid=13056, tid=16664
#
# JRE version:  (17.0.8.1+1) (build )
# Java VM: OpenJDK 64-Bit Server VM (17.0.8.1+1, mixed mode, sharing, tiered, compressed oops, compressed class ptrs, g1 gc, windows-amd64)
# No core dump will be written. Minidumps are not enabled by default on client versions of Windows
#

---------------  S U M M A R Y ------------

Command Line: -Dfile.encoding=UTF-8 --module-path=E:\MY DATA\University Data\SE 5th Semester\Software Construction by MR - Azhar\Final\My project\Employee Management System\build\classes employee.management.system.Home

Host: Intel(R) Core(TM) i5-6300U CPU @ 2.40GHz, 4 cores, 7G,  Windows 10 , 64 bit Build 19041 (10.0.19041.3636)
Time: Sun Jan 14 17:03:53 2024 Pakistan Standard Time elapsed time: 0.081423 seconds (0d 0h 0m 0s)

---------------  T H R E A D  ---------------

Current thread (0x000001eb0439b400):  JavaThread "Unknown thread" [_thread_in_vm, id=16664, stack(0x0000002776b00000,0x0000002776c00000)]

Stack: [0x0000002776b00000,0x0000002776c00000]
Native frames: (J=compiled Java code, j=interpreted, Vv=VM code, C=native code)
V  [jvm.dll+0x678b0a]
V  [jvm.dll+0x835e84]
V  [jvm.dll+0x83762e]
V  [jvm.dll+0x837c93]
V  [jvm.dll+0x24746f]
V  [jvm.dll+0x675859]
V  [jvm.dll+0x66a0ea]
V  [jvm.dll+0x306c7b]
V  [jvm.dll+0x30e166]
V  [jvm.dll+0x35dd3e]
V  [jvm.dll+0x35df6f]
V  [jvm.dll+0x2ddb48]
V  [jvm.dll+0x2deab4]
V  [jvm.dll+0x807f31]
V  [jvm.dll+0x36bb21]
V  [jvm.dll+0x7e733c]
V  [jvm.dll+0x3ee4af]
V  [jvm.dll+0x3f00c1]
C  [jli.dll+0x528b]
C  [ucrtbase.dll+0x21bb2]
C  [KERNEL32.DLL+0x17344]
C  [ntdll.dll+0x526b1]


---------------  P R O C E S S  ---------------

Threads class SMR info:
_java_thread_list=0x00007ffceaefa018, length=0, elements={
}

Java Threads: ( => current thread )

Other Threads:
  0x000001eb043f3a90 GCTaskThread "GC Thread#0" [stack: 0x0000002776c00000,0x0000002776d00000] [id=16572]
  0x000001eb04403ee0 ConcurrentGCThread "G1 Main Marker" [stack: 0x0000002776d00000,0x0000002776e00000] [id=1124]
  0x000001eb044048f0 ConcurrentGCThread "G1 Conc#0" [stack: 0x0000002776e00000,0x0000002776f00000] [id=5560]

[error occurred during error reporting (printing all threads), id 0xc0000005, EXCEPTION_ACCESS_VIOLATION (0xc0000005) at pc=0x00007ffcea6ce587]

VM state: not at safepoint (not fully initialized)

VM Mutex/Monitor currently owned by a thread:  ([mutex/lock_event])
[0x000001eb04397d70] Heap_lock - owner thread: 0x000001eb0439b400

Heap address: 0x0000000085800000, size: 1960 MB, Compressed Oops mode: 32-bit

CDS archive(s) mapped at: [0x0000000000000000-0x0000000000000000-0x0000000000000000), size 0, SharedBaseAddress: 0x0000000800000000, ArchiveRelocationMode: 1.
Narrow klass base: 0x0000000000000000, Narrow klass shift: 0, Narrow klass range: 0x0

GC Precious Log:
<Empty>

Heap:
 garbage-first heap   total 0K, used 0K [0x0000000085800000, 0x0000000100000000)
  region size 1024K, 0 young (0K), 0 survivors (0K)

[error occurred during error reporting (printing heap information), id 0xc0000005, EXCEPTION_ACCESS_VIOLATION (0xc0000005) at pc=0x00007ffceaab2699]

GC Heap History (0 events):
No events

Dll operation events (1 events):
Event: 0.015 Loaded shared library C:\Users\MajidKhan\AppData\Local\Programs\Eclipse Adoptium\jdk-17.0.8.101-hotspot\bin\java.dll

Deoptimization events (0 events):
No events

Classes unloaded (0 events):
No events

Classes redefined (0 events):
No events

Internal exceptions (0 events):
No events

VM Operations (0 events):
No events

Events (0 events):
No events


Dynamic libraries:
0x00007ff6fb810000 - 0x00007ff6fb81e000 	C:\Users\MajidKhan\AppData\Local\Programs\Eclipse Adoptium\jdk-17.0.8.101-hotspot\bin\java.exe
0x00007ffd3fdb0000 - 0x00007ffd3ffa8000 	C:\WINDOWS\SYSTEM32\ntdll.dll
0x00007ffd3f720000 - 0x00007ffd3f7dd000 	C:\WINDOWS\System32\KERNEL32.DLL
0x00007ffd3d490000 - 0x00007ffd3d786000 	C:\WINDOWS\System32\KERNELBASE.dll
0x00007ffd3d8f0000 - 0x00007ffd3d9f0000 	C:\WINDOWS\System32\ucrtbase.dll
0x00007ffd34f90000 - 0x00007ffd34fa7000 	C:\Users\MajidKhan\AppData\Local\Programs\Eclipse Adoptium\jdk-17.0.8.101-hotspot\bin\jli.dll
0x00007ffd34a90000 - 0x00007ffd34aa9000 	C:\Users\MajidKhan\AppData\Local\Programs\Eclipse Adoptium\jdk-17.0.8.101-hotspot\bin\VCRUNTIME140.dll
0x00007ffd3def0000 - 0x00007ffd3e08e000 	C:\WINDOWS\System32\USER32.dll
0x00007ffd3d790000 - 0x00007ffd3d7b2000 	C:\WINDOWS\System32\win32u.dll
0x00007ffd28500000 - 0x00007ffd2879a000 	C:\WINDOWS\WinSxS\amd64_microsoft.windows.common-controls_6595b64144ccf1df_6.0.19041.3636_none_60b6a03d71f818d5\COMCTL32.dll
0x00007ffd3f8e0000 - 0x00007ffd3f90c000 	C:\WINDOWS\System32\GDI32.dll
0x00007ffd3e7e0000 - 0x00007ffd3e87e000 	C:\WINDOWS\System32\msvcrt.dll
0x00007ffd3dcf0000 - 0x00007ffd3de0a000 	C:\WINDOWS\System32\gdi32full.dll
0x00007ffd3d9f0000 - 0x00007ffd3da8d000 	C:\WINDOWS\System32\msvcp_win.dll
0x00007ffd3f2d0000 - 0x00007ffd3f300000 	C:\WINDOWS\System32\IMM32.DLL
0x00007ffd2d7c0000 - 0x00007ffd2d7cc000 	C:\Users\MajidKhan\AppData\Local\Programs\Eclipse Adoptium\jdk-17.0.8.101-hotspot\bin\vcruntime140_1.dll
0x00007ffd0d570000 - 0x00007ffd0d601000 	C:\Users\MajidKhan\AppData\Local\Programs\Eclipse Adoptium\jdk-17.0.8.101-hotspot\bin\msvcp140.dll
0x00007ffcea3e0000 - 0x00007ffceb02c000 	C:\Users\MajidKhan\AppData\Local\Programs\Eclipse Adoptium\jdk-17.0.8.101-hotspot\bin\server\jvm.dll
0x00007ffd3f670000 - 0x00007ffd3f71f000 	C:\WINDOWS\System32\ADVAPI32.dll
0x00007ffd3f840000 - 0x00007ffd3f8dc000 	C:\WINDOWS\System32\sechost.dll
0x00007ffd3eab0000 - 0x00007ffd3ebd6000 	C:\WINDOWS\System32\RPCRT4.dll
0x00007ffd27be0000 - 0x00007ffd27c07000 	C:\WINDOWS\SYSTEM32\WINMM.dll
0x00007ffd3d2f0000 - 0x00007ffd3d33b000 	C:\WINDOWS\SYSTEM32\POWRPROF.dll
0x00007ffd332b0000 - 0x00007ffd332ba000 	C:\WINDOWS\SYSTEM32\VERSION.dll
0x00007ffd22d80000 - 0x00007ffd22d89000 	C:\WINDOWS\SYSTEM32\WSOCK32.dll
0x00007ffd3f910000 - 0x00007ffd3f97b000 	C:\WINDOWS\System32\WS2_32.dll
0x00007ffd3d2d0000 - 0x00007ffd3d2e2000 	C:\WINDOWS\SYSTEM32\UMPDC.dll
0x00007ffd3bce0000 - 0x00007ffd3bcf2000 	C:\WINDOWS\SYSTEM32\kernel.appcore.dll
0x00007ffd2d7b0000 - 0x00007ffd2d7ba000 	C:\Users\MajidKhan\AppData\Local\Programs\Eclipse Adoptium\jdk-17.0.8.101-hotspot\bin\jimage.dll
0x00007ffd3b230000 - 0x00007ffd3b414000 	C:\WINDOWS\SYSTEM32\DBGHELP.DLL
0x00007ffd334d0000 - 0x00007ffd33504000 	C:\WINDOWS\SYSTEM32\dbgcore.DLL
0x00007ffd3d830000 - 0x00007ffd3d8b2000 	C:\WINDOWS\System32\bcryptPrimitives.dll
0x00007ffd1b6c0000 - 0x00007ffd1b6e5000 	C:\Users\MajidKhan\AppData\Local\Programs\Eclipse Adoptium\jdk-17.0.8.101-hotspot\bin\java.dll

dbghelp: loaded successfully - version: 4.0.5 - missing functions: none
symbol engine: initialized successfully - sym options: 0x614 - pdb path: .;C:\Users\MajidKhan\AppData\Local\Programs\Eclipse Adoptium\jdk-17.0.8.101-hotspot\bin;C:\WINDOWS\SYSTEM32;C:\WINDOWS\WinSxS\amd64_microsoft.windows.common-controls_6595b64144ccf1df_6.0.19041.3636_none_60b6a03d71f818d5;C:\Users\MajidKhan\AppData\Local\Programs\Eclipse Adoptium\jdk-17.0.8.101-hotspot\bin\server

VM Arguments:
jvm_args: -Dfile.encoding=UTF-8 --module-path=E:\MY DATA\University Data\SE 5th Semester\Software Construction by MR - Azhar\Final\My project\Employee Management System\build\classes 
java_command: employee.management.system.Home
java_class_path (initial): E:\MY DATA\University Data\SE 5th Semester\Software Construction by MR - Azhar\Final\My project\Project Raw Materials\mysql-connector-java-8.0.28.jar;E:\MY DATA\University Data\SE 5th Semester\Software Construction by MR - Azhar\Final\My project\Project Raw Materials\jcalendar-tz-1.3.3-4.jar;E:\MY DATA\University Data\SE 5th Semester\Software Construction by MR - Azhar\Final\My project\Project Raw Materials\rs2xml.jar;E:\MY DATA\University Data\SE 5th Semester\Software Construction by MR - Azhar\Final\My project\Employee Management System\build\classes
Launcher Type: SUN_STANDARD

[Global flags]
     intx CICompilerCount                          = 3                                         {product} {ergonomic}
     uint ConcGCThreads                            = 1                                         {product} {ergonomic}
     uint G1ConcRefinementThreads                  = 4                                         {product} {ergonomic}
   size_t G1HeapRegionSize                         = 1048576                                   {product} {ergonomic}
    uintx GCDrainStackTargetSize                   = 64                                        {product} {ergonomic}
   size_t InitialHeapSize                          = 130023424                                 {product} {ergonomic}
   size_t MarkStackSize                            = 4194304                                   {product} {ergonomic}
   size_t MaxHeapSize                              = 2055208960                                {product} {ergonomic}
   size_t MinHeapDeltaBytes                        = 1048576                                   {product} {ergonomic}
   size_t MinHeapSize                              = 8388608                                   {product} {ergonomic}
    uintx NonNMethodCodeHeapSize                   = 5832780                                {pd product} {ergonomic}
    uintx NonProfiledCodeHeapSize                  = 122912730                              {pd product} {ergonomic}
    uintx ProfiledCodeHeapSize                     = 122912730                              {pd product} {ergonomic}
    uintx ReservedCodeCacheSize                    = 251658240                              {pd product} {ergonomic}
     bool SegmentedCodeCache                       = true                                      {product} {ergonomic}
   size_t SoftMaxHeapSize                          = 2055208960                             {manageable} {ergonomic}
     bool UseCompressedClassPointers               = true                           {product lp64_product} {ergonomic}
     bool UseCompressedOops                        = true                           {product lp64_product} {ergonomic}
     bool UseG1GC                                  = true                                      {product} {ergonomic}
     bool UseLargePagesIndividualAllocation        = false                                  {pd product} {ergonomic}

Logging:
Log output configuration:
 #0: stdout all=warning uptime,level,tags
 #1: stderr all=off uptime,level,tags

Environment Variables:
JAVA_HOME=C:\Users\MajidKhan\AppData\Local\Programs\Eclipse Adoptium\jdk-17.0.8.101-hotspot\
PATH=C:\Python311\Scripts\;C:\Python311\;C:\Program Files (x86)\Common Files\Oracle\Java\javapath;C:\WINDOWS\system32;C:\WINDOWS;C:\WINDOWS\System32\Wbem;C:\WINDOWS\System32\WindowsPowerShell\v1.0\;C:\WINDOWS\System32\OpenSSH\;C:\Program Files\Microsoft SQL Server\150\Tools\Binn\;C:\MinGW\bin;C:\ProgramData\chocolatey\bin;C:\Program Files\nodejs\;C:\Program Files (x86)\Yarn\bin\;C:\Program Files\Git\cmd;C:\Program Files\MySQL\MySQL Shell 8.0\bin\;C:\Users\MajidKhan\.console-ninja\.bin;C:\Users\MajidKhan\AppData\Local\Programs\Eclipse Adoptium\jdk-17.0.8.101-hotspot\bin;C:\Users\MajidKhan\AppData\Local\Microsoft\WindowsApps;C:\src\flutter\bin\;C:\Users\MajidKhan\AppData\Local\Programs\Microsoft VS Code\bin;C:\Users\MajidKhan\.dotnet\tools;C:\Users\MajidKhan\AppData\Roaming\npm;C:\Users\MajidKhan\AppData\Local\Yarn\bin;C:\Users\MajidKhan\AppData\Local\Microsoft\WindowsApps;
USERNAME=MajidKhan
OS=Windows_NT
PROCESSOR_IDENTIFIER=Intel64 Family 6 Model 78 Stepping 3, GenuineIntel
TMP=C:\Users\MAJIDK~1\AppData\Local\Temp
TEMP=C:\Users\MAJIDK~1\AppData\Local\Temp



---------------  S Y S T E M  ---------------

OS:
 Windows 10 , 64 bit Build 19041 (10.0.19041.3636)
OS uptime: 0 days 22:17 hours

CPU: total 4 (initial active 4) (2 cores per cpu, 2 threads per core) family 6 model 78 stepping 3 microcode 0xea, cx8, cmov, fxsr, ht, mmx, 3dnowpref, sse, sse2, sse3, ssse3, sse4.1, sse4.2, popcnt, lzcnt, tsc, tscinvbit, avx, avx2, aes, erms, clmul, bmi1, bmi2, rtm, adx, fma, vzeroupper, clflush, clflushopt
Processor Information for processor 0
  Max Mhz: 2501, Current Mhz: 1500, Mhz Limit: 2501
Processor Information for processor 1
  Max Mhz: 2501, Current Mhz: 1500, Mhz Limit: 2501
Processor Information for processor 2
  Max Mhz: 2501, Current Mhz: 2100, Mhz Limit: 2501
Processor Information for processor 3
  Max Mhz: 2501, Current Mhz: 1500, Mhz Limit: 2501

Memory: 4k page, system-wide physical 7837M (352M free)
TotalPageFile size 20736M (AvailPageFile size 25M)
current process WorkingSet (physical memory assigned to process): 10M, peak: 10M
current process commit charge ("private bytes"): 52M, peak: 175M

vm_info: OpenJDK 64-Bit Server VM (17.0.8.1+1) for windows-amd64 JRE (17.0.8.1+1), built on Aug 23 2023 15:29:17 by "admin" with MS VC++ 16.7 (VS2019)

END.
