#
# There is insufficient memory for the Java Runtime Environment to continue.
# Native memory allocation (malloc) failed to allocate 32744 bytes for ChunkPool::allocate
# Possible reasons:
#   The system is out of physical RAM or swap space
#   The process is running with CompressedOops enabled, and the Java Heap may be blocking the growth of the native heap
# Possible solutions:
#   Reduce memory load on the system
#   Increase physical memory or swap space
#   Check if swap backing store is full
#   Decrease Java heap size (-Xmx/-Xms)
#   Decrease number of Java threads
#   Decrease Java thread stack sizes (-Xss)
#   Set larger code cache with -XX:ReservedCodeCacheSize=
#   JVM is running with Unscaled Compressed Oops mode in which the Java heap is
#     placed in the first 4GB address space. The Java Heap base address is the
#     maximum limit for the native heap growth. Please use -XX:HeapBaseMinAddress
#     to set the Java Heap base and to place the Java Heap above 4GB virtual address.
# This output file may be truncated or incomplete.
#
#  Out of Memory Error (arena.cpp:78), pid=7016, tid=7868
#
# JRE version: OpenJDK Runtime Environment Temurin-17.0.8.1+1 (17.0.8.1+1) (build 17.0.8.1+1)
# Java VM: OpenJDK 64-Bit Server VM Temurin-17.0.8.1+1 (17.0.8.1+1, mixed mode, sharing, tiered, compressed oops, compressed class ptrs, g1 gc, windows-amd64)
# No core dump will be written. Minidumps are not enabled by default on client versions of Windows
#

---------------  S U M M A R Y ------------

Command Line: -Dfile.encoding=UTF-8 --module-path=E:\MY DATA\University Data\SE 5th Semester\Software Construction by MR - Azhar\Final\My project\Employee Management System\build\classes employee.management.system.Addemployee

Host: Intel(R) Core(TM) i5-6300U CPU @ 2.40GHz, 4 cores, 7G,  Windows 10 , 64 bit Build 19041 (10.0.19041.3636)
Time: Sat Jan 13 18:42:02 2024 Pakistan Standard Time elapsed time: 0.745324 seconds (0d 0h 0m 0s)

---------------  T H R E A D  ---------------

Current thread (0x000001c7eb52fcb0):  JavaThread "C2 CompilerThread1" daemon [_thread_in_native, id=7868, stack(0x000000a5cd900000,0x000000a5cda00000)]


Current CompileTask:
C2:    745 1076       4       java.lang.String::hashCode (60 bytes)

Stack: [0x000000a5cd900000,0x000000a5cda00000]
Native frames: (J=compiled Java code, j=interpreted, Vv=VM code, C=native code)
V  [jvm.dll+0x678b0a]
V  [jvm.dll+0x835e84]
V  [jvm.dll+0x83762e]
V  [jvm.dll+0x837c93]
V  [jvm.dll+0x24746f]
V  [jvm.dll+0xac42c]
V  [jvm.dll+0xac7dc]
V  [jvm.dll+0x11ec98]
V  [jvm.dll+0x6a2359]
V  [jvm.dll+0x1bd2c4]
V  [jvm.dll+0x219d49]
V  [jvm.dll+0x219011]
V  [jvm.dll+0x1a534d]
V  [jvm.dll+0x228d8a]
V  [jvm.dll+0x226dcc]
V  [jvm.dll+0x7ec09b]
V  [jvm.dll+0x7e64ca]
V  [jvm.dll+0x677955]
C  [ucrtbase.dll+0x21bb2]
C  [KERNEL32.DLL+0x17344]
C  [ntdll.dll+0x526b1]


---------------  P R O C E S S  ---------------

Threads class SMR info:
_java_thread_list=0x000001c7e6c9c9f0, length=17, elements={
0x000001c7e671a2a0, 0x000001c7e671af20, 0x000001c7e672a3c0, 0x000001c7e672ad80,
0x000001c7e672b740, 0x000001c7e672c100, 0x000001c7e67329f0, 0x000001c7e672f810,
0x000001c7e676af60, 0x000001c7e695ac00, 0x000001c7e69de840, 0x000001c7e6a4af70,
0x000001c7e6bca5b0, 0x000001c7e6bcf560, 0x000001c7e6c7fcd0, 0x000001c7c8e97140,
0x000001c7eb52fcb0
}

Java Threads: ( => current thread )
  0x000001c7e671a2a0 JavaThread "Reference Handler" daemon [_thread_blocked, id=5704, stack(0x000000a5cc600000,0x000000a5cc700000)]
  0x000001c7e671af20 JavaThread "Finalizer" daemon [_thread_blocked, id=5724, stack(0x000000a5cc700000,0x000000a5cc800000)]
  0x000001c7e672a3c0 JavaThread "Signal Dispatcher" daemon [_thread_blocked, id=7380, stack(0x000000a5cc800000,0x000000a5cc900000)]
  0x000001c7e672ad80 JavaThread "Attach Listener" daemon [_thread_blocked, id=17808, stack(0x000000a5cc900000,0x000000a5cca00000)]
  0x000001c7e672b740 JavaThread "Service Thread" daemon [_thread_blocked, id=9368, stack(0x000000a5cca00000,0x000000a5ccb00000)]
  0x000001c7e672c100 JavaThread "Monitor Deflation Thread" daemon [_thread_blocked, id=7892, stack(0x000000a5ccb00000,0x000000a5ccc00000)]
  0x000001c7e67329f0 JavaThread "C2 CompilerThread0" daemon [_thread_in_native, id=15296, stack(0x000000a5ccc00000,0x000000a5ccd00000)]
  0x000001c7e672f810 JavaThread "C1 CompilerThread0" daemon [_thread_blocked, id=15056, stack(0x000000a5ccd00000,0x000000a5cce00000)]
  0x000001c7e676af60 JavaThread "Sweeper thread" daemon [_thread_blocked, id=10060, stack(0x000000a5cce00000,0x000000a5ccf00000)]
  0x000001c7e695ac00 JavaThread "Common-Cleaner" daemon [_thread_blocked, id=18388, stack(0x000000a5ccf00000,0x000000a5cd000000)]
  0x000001c7e69de840 JavaThread "Notification Thread" daemon [_thread_blocked, id=15908, stack(0x000000a5cd000000,0x000000a5cd100000)]
  0x000001c7e6a4af70 JavaThread "Java2D Disposer" daemon [_thread_blocked, id=6044, stack(0x000000a5cd300000,0x000000a5cd400000)]
  0x000001c7e6bca5b0 JavaThread "AWT-Shutdown" [_thread_blocked, id=16064, stack(0x000000a5cd400000,0x000000a5cd500000)]
  0x000001c7e6bcf560 JavaThread "AWT-Windows" daemon [_thread_in_native, id=7692, stack(0x000000a5cd500000,0x000000a5cd600000)]
  0x000001c7e6c7fcd0 JavaThread "AWT-EventQueue-0" [_thread_in_vm, id=9760, stack(0x000000a5cd200000,0x000000a5cd300000)]
  0x000001c7c8e97140 JavaThread "DestroyJavaVM" [_thread_blocked, id=16352, stack(0x000000a5cbf00000,0x000000a5cc000000)]
=>0x000001c7eb52fcb0 JavaThread "C2 CompilerThread1" daemon [_thread_in_native, id=7868, stack(0x000000a5cd900000,0x000000a5cda00000)]

Other Threads:
  0x000001c7e6712ec0 VMThread "VM Thread" [stack: 0x000000a5cc500000,0x000000a5cc600000] [id=14220]
  0x000001c7c8f0fec0 WatcherThread [stack: 0x000000a5cd100000,0x000000a5cd200000] [id=5896]
  0x000001c7c8eef420 GCTaskThread "GC Thread#0" [stack: 0x000000a5cc000000,0x000000a5cc100000] [id=17716]
  0x000001c7eb5253d0 GCTaskThread "GC Thread#1" [stack: 0x000000a5cda00000,0x000000a5cdb00000] [id=8072]
  0x000001c7eb525690 GCTaskThread "GC Thread#2" [stack: 0x000000a5cdb00000,0x000000a5cdc00000] [id=16880]
  0x000001c7eb525950 GCTaskThread "GC Thread#3" [stack: 0x000000a5cdc00000,0x000000a5cdd00000] [id=16640]
  0x000001c7c8eff870 ConcurrentGCThread "G1 Main Marker" [stack: 0x000000a5cc100000,0x000000a5cc200000] [id=11324]
  0x000001c7c8f00a20 ConcurrentGCThread "G1 Conc#0" [stack: 0x000000a5cc200000,0x000000a5cc300000] [id=18012]
  0x000001c7c8f58430 ConcurrentGCThread "G1 Refine#0" [stack: 0x000000a5cc300000,0x000000a5cc400000] [id=14872]
  0x000001c7e65c0090 ConcurrentGCThread "G1 Service" [stack: 0x000000a5cc400000,0x000000a5cc500000] [id=18232]

Threads with active compile tasks:
C2 CompilerThread0      762 1075   !   4       sun.font.TrueTypeFont::getTableBuffer (215 bytes)
C2 CompilerThread1      762 1076       4       java.lang.String::hashCode (60 bytes)

VM state: not at safepoint (normal execution)

VM Mutex/Monitor currently owned by a thread: None

Heap address: 0x0000000085800000, size: 1960 MB, Compressed Oops mode: 32-bit

CDS archive(s) mapped at: [0x000001c780000000-0x000001c780bd0000-0x000001c780bd0000), size 12386304, SharedBaseAddress: 0x000001c780000000, ArchiveRelocationMode: 1.
Compressed class space mapped at: 0x000001c781000000-0x000001c7c1000000, reserved size: 1073741824
Narrow klass base: 0x000001c780000000, Narrow klass shift: 0, Narrow klass range: 0x100000000

GC Precious Log:
 CPUs: 4 total, 4 available
 Memory: 7837M
 Large Page Support: Disabled
 NUMA Support: Disabled
 Compressed Oops: Enabled (32-bit)
 Heap Region Size: 1M
 Heap Min Capacity: 8M
 Heap Initial Capacity: 124M
 Heap Max Capacity: 1960M
 Pre-touch: Disabled
 Parallel Workers: 4
 Concurrent Workers: 1
 Concurrent Refinement Workers: 4
 Periodic GC: Disabled

Heap:
 garbage-first heap   total 126976K, used 9056K [0x0000000085800000, 0x0000000100000000)
  region size 1024K, 6 young (6144K), 2 survivors (2048K)
 Metaspace       used 8321K, committed 8512K, reserved 1114112K
  class space    used 983K, committed 1088K, reserved 1048576K

Heap Regions: E=young(eden), S=young(survivor), O=old, HS=humongous(starts), HC=humongous(continues), CS=collection set, F=free, OA=open archive, CA=closed archive, TAMS=top-at-mark-start (previous, next)
|   0|0x0000000085800000, 0x0000000085900000, 0x0000000085900000|100%|HS|  |TAMS 0x0000000085800000, 0x0000000085800000| Complete 
|   1|0x0000000085900000, 0x0000000085a00000, 0x0000000085a00000|100%|HC|  |TAMS 0x0000000085900000, 0x0000000085900000| Complete 
|   2|0x0000000085a00000, 0x0000000085b00000, 0x0000000085b00000|100%|HC|  |TAMS 0x0000000085a00000, 0x0000000085a00000| Complete 
|   3|0x0000000085b00000, 0x0000000085bd8000, 0x0000000085c00000| 84%| O|  |TAMS 0x0000000085b00000, 0x0000000085b00000| Untracked 
|   4|0x0000000085c00000, 0x0000000085c00000, 0x0000000085d00000|  0%| F|  |TAMS 0x0000000085c00000, 0x0000000085c00000| Untracked 
|   5|0x0000000085d00000, 0x0000000085d00000, 0x0000000085e00000|  0%| F|  |TAMS 0x0000000085d00000, 0x0000000085d00000| Untracked 
|   6|0x0000000085e00000, 0x0000000085e00000, 0x0000000085f00000|  0%| F|  |TAMS 0x0000000085e00000, 0x0000000085e00000| Untracked 
|   7|0x0000000085f00000, 0x0000000085f00000, 0x0000000086000000|  0%| F|  |TAMS 0x0000000085f00000, 0x0000000085f00000| Untracked 
|   8|0x0000000086000000, 0x0000000086000000, 0x0000000086100000|  0%| F|  |TAMS 0x0000000086000000, 0x0000000086000000| Untracked 
|   9|0x0000000086100000, 0x0000000086100000, 0x0000000086200000|  0%| F|  |TAMS 0x0000000086100000, 0x0000000086100000| Untracked 
|  10|0x0000000086200000, 0x0000000086200000, 0x0000000086300000|  0%| F|  |TAMS 0x0000000086200000, 0x0000000086200000| Untracked 
|  11|0x0000000086300000, 0x0000000086300000, 0x0000000086400000|  0%| F|  |TAMS 0x0000000086300000, 0x0000000086300000| Untracked 
|  12|0x0000000086400000, 0x0000000086400000, 0x0000000086500000|  0%| F|  |TAMS 0x0000000086400000, 0x0000000086400000| Untracked 
|  13|0x0000000086500000, 0x0000000086500000, 0x0000000086600000|  0%| F|  |TAMS 0x0000000086500000, 0x0000000086500000| Untracked 
|  14|0x0000000086600000, 0x0000000086600000, 0x0000000086700000|  0%| F|  |TAMS 0x0000000086600000, 0x0000000086600000| Untracked 
|  15|0x0000000086700000, 0x0000000086700000, 0x0000000086800000|  0%| F|  |TAMS 0x0000000086700000, 0x0000000086700000| Untracked 
|  16|0x0000000086800000, 0x0000000086800000, 0x0000000086900000|  0%| F|  |TAMS 0x0000000086800000, 0x0000000086800000| Untracked 
|  17|0x0000000086900000, 0x0000000086900000, 0x0000000086a00000|  0%| F|  |TAMS 0x0000000086900000, 0x0000000086900000| Untracked 
|  18|0x0000000086a00000, 0x0000000086a00000, 0x0000000086b00000|  0%| F|  |TAMS 0x0000000086a00000, 0x0000000086a00000| Untracked 
|  19|0x0000000086b00000, 0x0000000086b00000, 0x0000000086c00000|  0%| F|  |TAMS 0x0000000086b00000, 0x0000000086b00000| Untracked 
|  20|0x0000000086c00000, 0x0000000086c00000, 0x0000000086d00000|  0%| F|  |TAMS 0x0000000086c00000, 0x0000000086c00000| Untracked 
|  21|0x0000000086d00000, 0x0000000086d00000, 0x0000000086e00000|  0%| F|  |TAMS 0x0000000086d00000, 0x0000000086d00000| Untracked 
|  22|0x0000000086e00000, 0x0000000086e00000, 0x0000000086f00000|  0%| F|  |TAMS 0x0000000086e00000, 0x0000000086e00000| Untracked 
|  23|0x0000000086f00000, 0x0000000086f00000, 0x0000000087000000|  0%| F|  |TAMS 0x0000000086f00000, 0x0000000086f00000| Untracked 
|  24|0x0000000087000000, 0x0000000087000000, 0x0000000087100000|  0%| F|  |TAMS 0x0000000087000000, 0x0000000087000000| Untracked 
|  25|0x0000000087100000, 0x0000000087100000, 0x0000000087200000|  0%| F|  |TAMS 0x0000000087100000, 0x0000000087100000| Untracked 
|  26|0x0000000087200000, 0x0000000087200000, 0x0000000087300000|  0%| F|  |TAMS 0x0000000087200000, 0x0000000087200000| Untracked 
|  27|0x0000000087300000, 0x0000000087300000, 0x0000000087400000|  0%| F|  |TAMS 0x0000000087300000, 0x0000000087300000| Untracked 
|  28|0x0000000087400000, 0x0000000087400000, 0x0000000087500000|  0%| F|  |TAMS 0x0000000087400000, 0x0000000087400000| Untracked 
|  29|0x0000000087500000, 0x0000000087500000, 0x0000000087600000|  0%| F|  |TAMS 0x0000000087500000, 0x0000000087500000| Untracked 
|  30|0x0000000087600000, 0x0000000087600000, 0x0000000087700000|  0%| F|  |TAMS 0x0000000087600000, 0x0000000087600000| Untracked 
|  31|0x0000000087700000, 0x0000000087700000, 0x0000000087800000|  0%| F|  |TAMS 0x0000000087700000, 0x0000000087700000| Untracked 
|  32|0x0000000087800000, 0x0000000087800000, 0x0000000087900000|  0%| F|  |TAMS 0x0000000087800000, 0x0000000087800000| Untracked 
|  33|0x0000000087900000, 0x0000000087900000, 0x0000000087a00000|  0%| F|  |TAMS 0x0000000087900000, 0x0000000087900000| Untracked 
|  34|0x0000000087a00000, 0x0000000087a00000, 0x0000000087b00000|  0%| F|  |TAMS 0x0000000087a00000, 0x0000000087a00000| Untracked 
|  35|0x0000000087b00000, 0x0000000087b00000, 0x0000000087c00000|  0%| F|  |TAMS 0x0000000087b00000, 0x0000000087b00000| Untracked 
|  36|0x0000000087c00000, 0x0000000087c00000, 0x0000000087d00000|  0%| F|  |TAMS 0x0000000087c00000, 0x0000000087c00000| Untracked 
|  37|0x0000000087d00000, 0x0000000087d00000, 0x0000000087e00000|  0%| F|  |TAMS 0x0000000087d00000, 0x0000000087d00000| Untracked 
|  38|0x0000000087e00000, 0x0000000087e00000, 0x0000000087f00000|  0%| F|  |TAMS 0x0000000087e00000, 0x0000000087e00000| Untracked 
|  39|0x0000000087f00000, 0x0000000087f00000, 0x0000000088000000|  0%| F|  |TAMS 0x0000000087f00000, 0x0000000087f00000| Untracked 
|  40|0x0000000088000000, 0x0000000088000000, 0x0000000088100000|  0%| F|  |TAMS 0x0000000088000000, 0x0000000088000000| Untracked 
|  41|0x0000000088100000, 0x0000000088100000, 0x0000000088200000|  0%| F|  |TAMS 0x0000000088100000, 0x0000000088100000| Untracked 
|  42|0x0000000088200000, 0x0000000088200000, 0x0000000088300000|  0%| F|  |TAMS 0x0000000088200000, 0x0000000088200000| Untracked 
|  43|0x0000000088300000, 0x0000000088300000, 0x0000000088400000|  0%| F|  |TAMS 0x0000000088300000, 0x0000000088300000| Untracked 
|  44|0x0000000088400000, 0x0000000088400000, 0x0000000088500000|  0%| F|  |TAMS 0x0000000088400000, 0x0000000088400000| Untracked 
|  45|0x0000000088500000, 0x0000000088500000, 0x0000000088600000|  0%| F|  |TAMS 0x0000000088500000, 0x0000000088500000| Untracked 
|  46|0x0000000088600000, 0x0000000088600000, 0x0000000088700000|  0%| F|  |TAMS 0x0000000088600000, 0x0000000088600000| Untracked 
|  47|0x0000000088700000, 0x0000000088700000, 0x0000000088800000|  0%| F|  |TAMS 0x0000000088700000, 0x0000000088700000| Untracked 
|  48|0x0000000088800000, 0x0000000088800000, 0x0000000088900000|  0%| F|  |TAMS 0x0000000088800000, 0x0000000088800000| Untracked 
|  49|0x0000000088900000, 0x0000000088900000, 0x0000000088a00000|  0%| F|  |TAMS 0x0000000088900000, 0x0000000088900000| Untracked 
|  50|0x0000000088a00000, 0x0000000088a00000, 0x0000000088b00000|  0%| F|  |TAMS 0x0000000088a00000, 0x0000000088a00000| Untracked 
|  51|0x0000000088b00000, 0x0000000088b00000, 0x0000000088c00000|  0%| F|  |TAMS 0x0000000088b00000, 0x0000000088b00000| Untracked 
|  52|0x0000000088c00000, 0x0000000088c00000, 0x0000000088d00000|  0%| F|  |TAMS 0x0000000088c00000, 0x0000000088c00000| Untracked 
|  53|0x0000000088d00000, 0x0000000088d00000, 0x0000000088e00000|  0%| F|  |TAMS 0x0000000088d00000, 0x0000000088d00000| Untracked 
|  54|0x0000000088e00000, 0x0000000088e00000, 0x0000000088f00000|  0%| F|  |TAMS 0x0000000088e00000, 0x0000000088e00000| Untracked 
|  55|0x0000000088f00000, 0x0000000088f00000, 0x0000000089000000|  0%| F|  |TAMS 0x0000000088f00000, 0x0000000088f00000| Untracked 
|  56|0x0000000089000000, 0x0000000089000000, 0x0000000089100000|  0%| F|  |TAMS 0x0000000089000000, 0x0000000089000000| Untracked 
|  57|0x0000000089100000, 0x0000000089100000, 0x0000000089200000|  0%| F|  |TAMS 0x0000000089100000, 0x0000000089100000| Untracked 
|  58|0x0000000089200000, 0x0000000089200000, 0x0000000089300000|  0%| F|  |TAMS 0x0000000089200000, 0x0000000089200000| Untracked 
|  59|0x0000000089300000, 0x0000000089300000, 0x0000000089400000|  0%| F|  |TAMS 0x0000000089300000, 0x0000000089300000| Untracked 
|  60|0x0000000089400000, 0x0000000089400000, 0x0000000089500000|  0%| F|  |TAMS 0x0000000089400000, 0x0000000089400000| Untracked 
|  61|0x0000000089500000, 0x0000000089500000, 0x0000000089600000|  0%| F|  |TAMS 0x0000000089500000, 0x0000000089500000| Untracked 
|  62|0x0000000089600000, 0x0000000089600000, 0x0000000089700000|  0%| F|  |TAMS 0x0000000089600000, 0x0000000089600000| Untracked 
|  63|0x0000000089700000, 0x0000000089700000, 0x0000000089800000|  0%| F|  |TAMS 0x0000000089700000, 0x0000000089700000| Untracked 
|  64|0x0000000089800000, 0x0000000089800000, 0x0000000089900000|  0%| F|  |TAMS 0x0000000089800000, 0x0000000089800000| Untracked 
|  65|0x0000000089900000, 0x0000000089900000, 0x0000000089a00000|  0%| F|  |TAMS 0x0000000089900000, 0x0000000089900000| Untracked 
|  66|0x0000000089a00000, 0x0000000089a00000, 0x0000000089b00000|  0%| F|  |TAMS 0x0000000089a00000, 0x0000000089a00000| Untracked 
|  67|0x0000000089b00000, 0x0000000089b00000, 0x0000000089c00000|  0%| F|  |TAMS 0x0000000089b00000, 0x0000000089b00000| Untracked 
|  68|0x0000000089c00000, 0x0000000089c00000, 0x0000000089d00000|  0%| F|  |TAMS 0x0000000089c00000, 0x0000000089c00000| Untracked 
|  69|0x0000000089d00000, 0x0000000089d00000, 0x0000000089e00000|  0%| F|  |TAMS 0x0000000089d00000, 0x0000000089d00000| Untracked 
|  70|0x0000000089e00000, 0x0000000089e00000, 0x0000000089f00000|  0%| F|  |TAMS 0x0000000089e00000, 0x0000000089e00000| Untracked 
|  71|0x0000000089f00000, 0x0000000089f00000, 0x000000008a000000|  0%| F|  |TAMS 0x0000000089f00000, 0x0000000089f00000| Untracked 
|  72|0x000000008a000000, 0x000000008a000000, 0x000000008a100000|  0%| F|  |TAMS 0x000000008a000000, 0x000000008a000000| Untracked 
|  73|0x000000008a100000, 0x000000008a100000, 0x000000008a200000|  0%| F|  |TAMS 0x000000008a100000, 0x000000008a100000| Untracked 
|  74|0x000000008a200000, 0x000000008a200000, 0x000000008a300000|  0%| F|  |TAMS 0x000000008a200000, 0x000000008a200000| Untracked 
|  75|0x000000008a300000, 0x000000008a300000, 0x000000008a400000|  0%| F|  |TAMS 0x000000008a300000, 0x000000008a300000| Untracked 
|  76|0x000000008a400000, 0x000000008a400000, 0x000000008a500000|  0%| F|  |TAMS 0x000000008a400000, 0x000000008a400000| Untracked 
|  77|0x000000008a500000, 0x000000008a500000, 0x000000008a600000|  0%| F|  |TAMS 0x000000008a500000, 0x000000008a500000| Untracked 
|  78|0x000000008a600000, 0x000000008a600000, 0x000000008a700000|  0%| F|  |TAMS 0x000000008a600000, 0x000000008a600000| Untracked 
|  79|0x000000008a700000, 0x000000008a700000, 0x000000008a800000|  0%| F|  |TAMS 0x000000008a700000, 0x000000008a700000| Untracked 
|  80|0x000000008a800000, 0x000000008a800000, 0x000000008a900000|  0%| F|  |TAMS 0x000000008a800000, 0x000000008a800000| Untracked 
|  81|0x000000008a900000, 0x000000008a900000, 0x000000008aa00000|  0%| F|  |TAMS 0x000000008a900000, 0x000000008a900000| Untracked 
|  82|0x000000008aa00000, 0x000000008aa00000, 0x000000008ab00000|  0%| F|  |TAMS 0x000000008aa00000, 0x000000008aa00000| Untracked 
|  83|0x000000008ab00000, 0x000000008ab00000, 0x000000008ac00000|  0%| F|  |TAMS 0x000000008ab00000, 0x000000008ab00000| Untracked 
|  84|0x000000008ac00000, 0x000000008ac00000, 0x000000008ad00000|  0%| F|  |TAMS 0x000000008ac00000, 0x000000008ac00000| Untracked 
|  85|0x000000008ad00000, 0x000000008ad00000, 0x000000008ae00000|  0%| F|  |TAMS 0x000000008ad00000, 0x000000008ad00000| Untracked 
|  86|0x000000008ae00000, 0x000000008ae00000, 0x000000008af00000|  0%| F|  |TAMS 0x000000008ae00000, 0x000000008ae00000| Untracked 
|  87|0x000000008af00000, 0x000000008af00000, 0x000000008b000000|  0%| F|  |TAMS 0x000000008af00000, 0x000000008af00000| Untracked 
|  88|0x000000008b000000, 0x000000008b000000, 0x000000008b100000|  0%| F|  |TAMS 0x000000008b000000, 0x000000008b000000| Untracked 
|  89|0x000000008b100000, 0x000000008b100000, 0x000000008b200000|  0%| F|  |TAMS 0x000000008b100000, 0x000000008b100000| Untracked 
|  90|0x000000008b200000, 0x000000008b200000, 0x000000008b300000|  0%| F|  |TAMS 0x000000008b200000, 0x000000008b200000| Untracked 
|  91|0x000000008b300000, 0x000000008b300000, 0x000000008b400000|  0%| F|  |TAMS 0x000000008b300000, 0x000000008b300000| Untracked 
|  92|0x000000008b400000, 0x000000008b400000, 0x000000008b500000|  0%| F|  |TAMS 0x000000008b400000, 0x000000008b400000| Untracked 
|  93|0x000000008b500000, 0x000000008b500000, 0x000000008b600000|  0%| F|  |TAMS 0x000000008b500000, 0x000000008b500000| Untracked 
|  94|0x000000008b600000, 0x000000008b600000, 0x000000008b700000|  0%| F|  |TAMS 0x000000008b600000, 0x000000008b600000| Untracked 
|  95|0x000000008b700000, 0x000000008b700000, 0x000000008b800000|  0%| F|  |TAMS 0x000000008b700000, 0x000000008b700000| Untracked 
|  96|0x000000008b800000, 0x000000008b800000, 0x000000008b900000|  0%| F|  |TAMS 0x000000008b800000, 0x000000008b800000| Untracked 
|  97|0x000000008b900000, 0x000000008b900000, 0x000000008ba00000|  0%| F|  |TAMS 0x000000008b900000, 0x000000008b900000| Untracked 
|  98|0x000000008ba00000, 0x000000008ba00000, 0x000000008bb00000|  0%| F|  |TAMS 0x000000008ba00000, 0x000000008ba00000| Untracked 
|  99|0x000000008bb00000, 0x000000008bb00000, 0x000000008bc00000|  0%| F|  |TAMS 0x000000008bb00000, 0x000000008bb00000| Untracked 
| 100|0x000000008bc00000, 0x000000008bc00000, 0x000000008bd00000|  0%| F|  |TAMS 0x000000008bc00000, 0x000000008bc00000| Untracked 
| 101|0x000000008bd00000, 0x000000008bd00000, 0x000000008be00000|  0%| F|  |TAMS 0x000000008bd00000, 0x000000008bd00000| Untracked 
| 102|0x000000008be00000, 0x000000008be00000, 0x000000008bf00000|  0%| F|  |TAMS 0x000000008be00000, 0x000000008be00000| Untracked 
| 103|0x000000008bf00000, 0x000000008bf00000, 0x000000008c000000|  0%| F|  |TAMS 0x000000008bf00000, 0x000000008bf00000| Untracked 
| 104|0x000000008c000000, 0x000000008c000000, 0x000000008c100000|  0%| F|  |TAMS 0x000000008c000000, 0x000000008c000000| Untracked 
| 105|0x000000008c100000, 0x000000008c100000, 0x000000008c200000|  0%| F|  |TAMS 0x000000008c100000, 0x000000008c100000| Untracked 
| 106|0x000000008c200000, 0x000000008c200000, 0x000000008c300000|  0%| F|  |TAMS 0x000000008c200000, 0x000000008c200000| Untracked 
| 107|0x000000008c300000, 0x000000008c300000, 0x000000008c400000|  0%| F|  |TAMS 0x000000008c300000, 0x000000008c300000| Untracked 
| 108|0x000000008c400000, 0x000000008c400000, 0x000000008c500000|  0%| F|  |TAMS 0x000000008c400000, 0x000000008c400000| Untracked 
| 109|0x000000008c500000, 0x000000008c600000, 0x000000008c600000|100%| S|CS|TAMS 0x000000008c500000, 0x000000008c500000| Complete 
| 110|0x000000008c600000, 0x000000008c700000, 0x000000008c700000|100%| S|CS|TAMS 0x000000008c600000, 0x000000008c600000| Complete 
| 111|0x000000008c700000, 0x000000008c700000, 0x000000008c800000|  0%| F|  |TAMS 0x000000008c700000, 0x000000008c700000| Untracked 
| 112|0x000000008c800000, 0x000000008c800000, 0x000000008c900000|  0%| F|  |TAMS 0x000000008c800000, 0x000000008c800000| Untracked 
| 113|0x000000008c900000, 0x000000008c900000, 0x000000008ca00000|  0%| F|  |TAMS 0x000000008c900000, 0x000000008c900000| Untracked 
| 114|0x000000008ca00000, 0x000000008ca00000, 0x000000008cb00000|  0%| F|  |TAMS 0x000000008ca00000, 0x000000008ca00000| Untracked 
| 115|0x000000008cb00000, 0x000000008cb00000, 0x000000008cc00000|  0%| F|  |TAMS 0x000000008cb00000, 0x000000008cb00000| Untracked 
| 116|0x000000008cc00000, 0x000000008cc00000, 0x000000008cd00000|  0%| F|  |TAMS 0x000000008cc00000, 0x000000008cc00000| Untracked 
| 117|0x000000008cd00000, 0x000000008cd00000, 0x000000008ce00000|  0%| F|  |TAMS 0x000000008cd00000, 0x000000008cd00000| Untracked 
| 118|0x000000008ce00000, 0x000000008ce00000, 0x000000008cf00000|  0%| F|  |TAMS 0x000000008ce00000, 0x000000008ce00000| Untracked 
| 119|0x000000008cf00000, 0x000000008cf00000, 0x000000008d000000|  0%| F|  |TAMS 0x000000008cf00000, 0x000000008cf00000| Untracked 
| 120|0x000000008d000000, 0x000000008d0c8920, 0x000000008d100000| 78%| E|  |TAMS 0x000000008d000000, 0x000000008d000000| Complete 
| 121|0x000000008d100000, 0x000000008d200000, 0x000000008d200000|100%| E|CS|TAMS 0x000000008d100000, 0x000000008d100000| Complete 
| 122|0x000000008d200000, 0x000000008d300000, 0x000000008d300000|100%| E|CS|TAMS 0x000000008d200000, 0x000000008d200000| Complete 
| 123|0x000000008d300000, 0x000000008d400000, 0x000000008d400000|100%| E|CS|TAMS 0x000000008d300000, 0x000000008d300000| Complete 

Card table byte_map: [0x000001c7dfd70000,0x000001c7e0150000] _byte_map_base: 0x000001c7df944000

Marking Bits (Prev, Next): (CMBitMap*) 0x000001c7c8eefa40, (CMBitMap*) 0x000001c7c8eefa80
 Prev Bits: [0x000001c7e0530000, 0x000001c7e23d0000)
 Next Bits: [0x000001c7e23d0000, 0x000001c7e4270000)

Polling page: 0x000001c7c6de0000

Metaspace:

Usage:
  Non-class:      7.17 MB used.
      Class:    983.60 KB used.
       Both:      8.13 MB used.

Virtual space:
  Non-class space:       64.00 MB reserved,       7.25 MB ( 11%) committed,  1 nodes.
      Class space:        1.00 GB reserved,       1.06 MB ( <1%) committed,  1 nodes.
             Both:        1.06 GB reserved,       8.31 MB ( <1%) committed. 

Chunk freelists:
   Non-Class:  8.48 MB
       Class:  14.99 MB
        Both:  23.47 MB

MaxMetaspaceSize: unlimited
CompressedClassSpaceSize: 1.00 GB
Initial GC threshold: 21.00 MB
Current GC threshold: 21.00 MB
CDS: on
MetaspaceReclaimPolicy: balanced
 - commit_granule_bytes: 65536.
 - commit_granule_words: 8192.
 - virtual_space_node_default_size: 8388608.
 - enlarge_chunks_in_place: 1.
 - new_chunks_are_fully_committed: 0.
 - uncommit_free_chunks: 1.
 - use_allocation_guard: 0.
 - handle_deallocations: 1.


Internal statistics:

num_allocs_failed_limit: 0.
num_arena_births: 108.
num_arena_deaths: 0.
num_vsnodes_births: 2.
num_vsnodes_deaths: 0.
num_space_committed: 133.
num_space_uncommitted: 0.
num_chunks_returned_to_freelist: 0.
num_chunks_taken_from_freelist: 154.
num_chunk_merges: 0.
num_chunk_splits: 85.
num_chunks_enlarged: 28.
num_inconsistent_stats: 0.

CodeHeap 'non-profiled nmethods': size=120000Kb used=288Kb max_used=288Kb free=119711Kb
 bounds [0x000001c7d8460000, 0x000001c7d86d0000, 0x000001c7df990000]
CodeHeap 'profiled nmethods': size=120000Kb used=1717Kb max_used=1717Kb free=118282Kb
 bounds [0x000001c7d0990000, 0x000001c7d0c00000, 0x000001c7d7ec0000]
CodeHeap 'non-nmethods': size=5760Kb used=1249Kb max_used=1278Kb free=4510Kb
 bounds [0x000001c7d7ec0000, 0x000001c7d8130000, 0x000001c7d8460000]
 total_blobs=1643 nmethods=1073 adapters=483
 compilation: enabled
              stopped_count=0, restarted_count=0
 full_count=0

Compilation events (20 events):
Event: 0.712 Thread 0x000001c7e672f810 nmethod 1062 0x000001c7d0b38c90 code [0x000001c7d0b38f00, 0x000001c7d0b397e8]
Event: 0.712 Thread 0x000001c7e672f810 1064       3       sun.nio.ch.FileDispatcherImpl::size (5 bytes)
Event: 0.712 Thread 0x000001c7e672f810 nmethod 1064 0x000001c7d0b39b10 code [0x000001c7d0b39ca0, 0x000001c7d0b39de8]
Event: 0.718 Thread 0x000001c7e672f810 1067       3       java.lang.ref.Reference::enqueueFromPending (19 bytes)
Event: 0.718 Thread 0x000001c7e672f810 nmethod 1067 0x000001c7d0b39e90 code [0x000001c7d0b3a040, 0x000001c7d0b3a268]
Event: 0.718 Thread 0x000001c7e672f810 1068   !   3       java.lang.ref.ReferenceQueue::enqueue (119 bytes)
Event: 0.718 Thread 0x000001c7e672f810 nmethod 1068 0x000001c7d0b3a310 code [0x000001c7d0b3a500, 0x000001c7d0b3abc8]
Event: 0.720 Thread 0x000001c7eb52fcb0 1070       4       java.nio.MappedByteBuffer::position (6 bytes)
Event: 0.721 Thread 0x000001c7eb52fcb0 nmethod 1070 0x000001c7d84a7110 code [0x000001c7d84a7280, 0x000001c7d84a7378]
Event: 0.724 Thread 0x000001c7e67329f0 nmethod 1063 0x000001c7d84a7490 code [0x000001c7d84a7640, 0x000001c7d84a7b38]
Event: 0.725 Thread 0x000001c7e672f810 1071   !   3       sun.font.TrueTypeFont::getAllFullNames (30 bytes)
Event: 0.725 Thread 0x000001c7e672f810 nmethod 1071 0x000001c7d0b3ad90 code [0x000001c7d0b3afa0, 0x000001c7d0b3b888]
Event: 0.725 Thread 0x000001c7e672f810 1073  s    3       sun.font.FontFamily::addLocaleNames (45 bytes)
Event: 0.726 Thread 0x000001c7e672f810 nmethod 1073 0x000001c7d0b3bb90 code [0x000001c7d0b3bdc0, 0x000001c7d0b3c648]
Event: 0.726 Thread 0x000001c7e672f810 1072   !   3       sun.font.TrueTypeFont::getAllFamilyNames (30 bytes)
Event: 0.726 Thread 0x000001c7e672f810 nmethod 1072 0x000001c7d0b3c910 code [0x000001c7d0b3cb20, 0x000001c7d0b3d408]
Event: 0.726 Thread 0x000001c7eb52fcb0 1074       4       java.lang.String::checkBoundsOffCount (64 bytes)
Event: 0.727 Thread 0x000001c7eb52fcb0 nmethod 1074 0x000001c7d84a8010 code [0x000001c7d84a8180, 0x000001c7d84a8238]
Event: 0.732 Thread 0x000001c7e67329f0 1075   !   4       sun.font.TrueTypeFont::getTableBuffer (215 bytes)
Event: 0.735 Thread 0x000001c7eb52fcb0 1076       4       java.lang.String::hashCode (60 bytes)

GC Heap History (2 events):
Event: 0.713 GC heap before
{Heap before GC invocations=0 (full 0):
 garbage-first heap   total 126976K, used 16384K [0x0000000085800000, 0x0000000100000000)
  region size 1024K, 13 young (13312K), 0 survivors (0K)
 Metaspace       used 8317K, committed 8512K, reserved 1114112K
  class space    used 983K, committed 1088K, reserved 1048576K
}
Event: 0.717 GC heap after
{Heap after GC invocations=1 (full 0):
 garbage-first heap   total 126976K, used 5984K [0x0000000085800000, 0x0000000100000000)
  region size 1024K, 2 young (2048K), 2 survivors (2048K)
 Metaspace       used 8317K, committed 8512K, reserved 1114112K
  class space    used 983K, committed 1088K, reserved 1048576K
}

Dll operation events (9 events):
Event: 0.008 Loaded shared library C:\Users\MajidKhan\AppData\Local\Programs\Eclipse Adoptium\jdk-17.0.8.101-hotspot\bin\java.dll
Event: 0.032 Loaded shared library C:\Users\MajidKhan\AppData\Local\Programs\Eclipse Adoptium\jdk-17.0.8.101-hotspot\bin\jsvml.dll
Event: 0.078 Loaded shared library C:\Users\MajidKhan\AppData\Local\Programs\Eclipse Adoptium\jdk-17.0.8.101-hotspot\bin\net.dll
Event: 0.080 Loaded shared library C:\Users\MajidKhan\AppData\Local\Programs\Eclipse Adoptium\jdk-17.0.8.101-hotspot\bin\nio.dll
Event: 0.108 Loaded shared library C:\Users\MajidKhan\AppData\Local\Programs\Eclipse Adoptium\jdk-17.0.8.101-hotspot\bin\zip.dll
Event: 0.122 Loaded shared library C:\Users\MajidKhan\AppData\Local\Programs\Eclipse Adoptium\jdk-17.0.8.101-hotspot\bin\jimage.dll
Event: 0.136 Loaded shared library C:\Users\MajidKhan\AppData\Local\Programs\Eclipse Adoptium\jdk-17.0.8.101-hotspot\bin\awt.dll
Event: 0.364 Loaded shared library C:\Users\MajidKhan\AppData\Local\Programs\Eclipse Adoptium\jdk-17.0.8.101-hotspot\bin\freetype.dll
Event: 0.364 Loaded shared library C:\Users\MajidKhan\AppData\Local\Programs\Eclipse Adoptium\jdk-17.0.8.101-hotspot\bin\fontmanager.dll

Deoptimization events (20 events):
Event: 0.111 Thread 0x000001c7c8e97140 Uncommon trap: trap_request=0xffffff45 fr.pc=0x000001c7d846f388 relative=0x0000000000000928
Event: 0.111 Thread 0x000001c7c8e97140 Uncommon trap: reason=unstable_if action=reinterpret pc=0x000001c7d846f388 method=java.util.HashMap.putVal(ILjava/lang/Object;Ljava/lang/Object;ZZ)Ljava/lang/Object; @ 81 c2
Event: 0.111 Thread 0x000001c7c8e97140 DEOPT PACKING pc=0x000001c7d846f388 sp=0x000000a5cbffe760
Event: 0.111 Thread 0x000001c7c8e97140 DEOPT UNPACKING pc=0x000001c7d7f169a3 sp=0x000000a5cbffe700 mode 2
Event: 0.473 Thread 0x000001c7e6c7fcd0 Uncommon trap: trap_request=0xffffff45 fr.pc=0x000001c7d8494e34 relative=0x00000000000004f4
Event: 0.473 Thread 0x000001c7e6c7fcd0 Uncommon trap: reason=unstable_if action=reinterpret pc=0x000001c7d8494e34 method=java.lang.StringLatin1.toLowerCase(Ljava/lang/String;[BLjava/util/Locale;)Ljava/lang/String; @ 43 c2
Event: 0.473 Thread 0x000001c7e6c7fcd0 DEOPT PACKING pc=0x000001c7d8494e34 sp=0x000000a5cd2fcf40
Event: 0.473 Thread 0x000001c7e6c7fcd0 DEOPT UNPACKING pc=0x000001c7d7f169a3 sp=0x000000a5cd2fceb0 mode 2
Event: 0.509 Thread 0x000001c7e6c7fcd0 DEOPT PACKING pc=0x000001c7d09981e7 sp=0x000000a5cd2fcb20
Event: 0.509 Thread 0x000001c7e6c7fcd0 DEOPT UNPACKING pc=0x000001c7d7f17143 sp=0x000000a5cd2fbf40 mode 0
Event: 0.556 Thread 0x000001c7e6c7fcd0 DEOPT PACKING pc=0x000001c7d099ced1 sp=0x000000a5cd2fcb70
Event: 0.556 Thread 0x000001c7e6c7fcd0 DEOPT UNPACKING pc=0x000001c7d7f17143 sp=0x000000a5cd2fbfe8 mode 0
Event: 0.679 Thread 0x000001c7e6c7fcd0 Uncommon trap: trap_request=0xffffff45 fr.pc=0x000001c7d846acb4 relative=0x00000000000001b4
Event: 0.679 Thread 0x000001c7e6c7fcd0 Uncommon trap: reason=unstable_if action=reinterpret pc=0x000001c7d846acb4 method=java.lang.String.isLatin1()Z @ 10 c2
Event: 0.679 Thread 0x000001c7e6c7fcd0 DEOPT PACKING pc=0x000001c7d846acb4 sp=0x000000a5cd2fcd50
Event: 0.679 Thread 0x000001c7e6c7fcd0 DEOPT UNPACKING pc=0x000001c7d7f169a3 sp=0x000000a5cd2fcc80 mode 2
Event: 0.696 Thread 0x000001c7e6c7fcd0 Uncommon trap: trap_request=0xffffff45 fr.pc=0x000001c7d84a21e4 relative=0x00000000000003a4
Event: 0.696 Thread 0x000001c7e6c7fcd0 Uncommon trap: reason=unstable_if action=reinterpret pc=0x000001c7d84a21e4 method=java.lang.Character.isSurrogate(C)Z @ 3 c2
Event: 0.696 Thread 0x000001c7e6c7fcd0 DEOPT PACKING pc=0x000001c7d84a21e4 sp=0x000000a5cd2fca50
Event: 0.696 Thread 0x000001c7e6c7fcd0 DEOPT UNPACKING pc=0x000001c7d7f169a3 sp=0x000000a5cd2fc968 mode 2

Classes unloaded (0 events):
No events

Classes redefined (0 events):
No events

Internal exceptions (16 events):
Event: 0.081 Thread 0x000001c7c8e97140 Exception <a 'sun/nio/fs/WindowsException'{0x000000008d231798}> (0x000000008d231798) 
thrown [s\src\hotspot\share\prims\jni.cpp, line 516]
Event: 0.082 Thread 0x000001c7c8e97140 Exception <a 'sun/nio/fs/WindowsException'{0x000000008d231e68}> (0x000000008d231e68) 
thrown [s\src\hotspot\share\prims\jni.cpp, line 516]
Event: 0.084 Thread 0x000001c7c8e97140 Exception <a 'sun/nio/fs/WindowsException'{0x000000008d234a90}> (0x000000008d234a90) 
thrown [s\src\hotspot\share\prims\jni.cpp, line 516]
Event: 0.084 Thread 0x000001c7c8e97140 Exception <a 'sun/nio/fs/WindowsException'{0x000000008d235848}> (0x000000008d235848) 
thrown [s\src\hotspot\share\prims\jni.cpp, line 516]
Event: 0.128 Thread 0x000001c7c8e97140 Exception <a 'java/lang/ClassNotFoundException'{0x000000008d104a08}: sun/awt/resources/spi/awtProvider> (0x000000008d104a08) 
thrown [s\src\hotspot\share\classfile\systemDictionary.cpp, line 256]
Event: 0.156 Thread 0x000001c7c8e97140 Exception <a 'java/io/FileNotFoundException'{0x000000008d157310}> (0x000000008d157310) 
thrown [s\src\hotspot\share\prims\jni.cpp, line 516]
Event: 0.167 Thread 0x000001c7c8e97140 Exception <a 'java/io/FileNotFoundException'{0x000000008d184248}> (0x000000008d184248) 
thrown [s\src\hotspot\share\prims\jni.cpp, line 516]
Event: 0.203 Thread 0x000001c7c8e97140 Exception <a 'java/lang/NoSuchMethodError'{0x000000008d1c8c40}: 'java.lang.Object java.lang.invoke.DirectMethodHandle$Holder.invokeStaticInit(java.lang.Object)'> (0x000000008d1c8c40) 
thrown [s\src\hotspot\share\interpreter\linkResolver.cpp, line 759]
Event: 0.233 Thread 0x000001c7c8e97140 Exception <a 'java/lang/NoSuchMethodError'{0x000000008d055a38}: 'void java.lang.invoke.DirectMethodHandle$Holder.invokeSpecial(java.lang.Object, java.lang.Object, java.lang.Object)'> (0x000000008d055a38) 
thrown [s\src\hotspot\share\interpreter\linkResolver.cpp, line 759]
Event: 0.242 Thread 0x000001c7c8e97140 Exception <a 'java/lang/NoSuchMethodError'{0x000000008d07fbd0}: 'java.lang.Object java.lang.invoke.DirectMethodHandle$Holder.newInvokeSpecial(java.lang.Object, java.lang.Object, java.lang.Object, java.lang.Object, java.lang.Object)'> (0x000000008d07fbd0) 
thrown [s\src\hotspot\share\interpreter\linkResolver.cpp, line 759]
Event: 0.243 Thread 0x000001c7c8e97140 Exception <a 'java/lang/NoSuchMethodError'{0x000000008d08b830}: 'java.lang.Object java.lang.invoke.DirectMethodHandle$Holder.invokeStatic(java.lang.Object, int, java.lang.Object, java.lang.Object, java.lang.Object, java.lang.Object)'> (0x000000008d08b830) 
thrown [s\src\hotspot\share\interpreter\linkResolver.cpp, line 759]
Event: 0.248 Thread 0x000001c7c8e97140 Exception <a 'java/lang/NoSuchMethodError'{0x000000008d0b0ff0}: 'java.lang.Object java.lang.invoke.DirectMethodHandle$Holder.invokeStatic(java.lang.Object, int, java.lang.Object)'> (0x000000008d0b0ff0) 
thrown [s\src\hotspot\share\interpreter\linkResolver.cpp, line 759]
Event: 0.272 Thread 0x000001c7c8e97140 Exception <a 'java/lang/ClassNotFoundException'{0x000000008cf69398}: com/sun/swing/internal/plaf/metal/resources/spi/metalProvider> (0x000000008cf69398) 
thrown [s\src\hotspot\share\classfile\systemDictionary.cpp, line 256]
Event: 0.273 Thread 0x000001c7c8e97140 Exception <a 'java/lang/ClassNotFoundException'{0x000000008cf6d1f0}: com/sun/swing/internal/plaf/basic/resources/spi/basicProvider> (0x000000008cf6d1f0) 
thrown [s\src\hotspot\share\classfile\systemDictionary.cpp, line 256]
Event: 0.359 Thread 0x000001c7c8e97140 Exception <a 'java/lang/NoSuchMethodError'{0x000000008ce45210}: 'void java.lang.invoke.DirectMethodHandle$Holder.invokeStaticInit(java.lang.Object)'> (0x000000008ce45210) 
thrown [s\src\hotspot\share\interpreter\linkResolver.cpp, line 759]
Event: 0.420 Thread 0x000001c7e6bcf560 Exception <a 'java/lang/NoSuchMethodError'{0x000000008d00fc68}: 'void java.lang.invoke.DirectMethodHandle$Holder.invokeVirtual(java.lang.Object, java.lang.Object)'> (0x000000008d00fc68) 
thrown [s\src\hotspot\share\interpreter\linkResolver.cpp, line 759]

VM Operations (10 events):
Event: 0.085 Executing VM operation: HandshakeAllThreads
Event: 0.085 Executing VM operation: HandshakeAllThreads done
Event: 0.297 Executing VM operation: HandshakeAllThreads
Event: 0.297 Executing VM operation: HandshakeAllThreads done
Event: 0.380 Executing VM operation: HandshakeAllThreads
Event: 0.380 Executing VM operation: HandshakeAllThreads done
Event: 0.424 Executing VM operation: HandshakeAllThreads
Event: 0.424 Executing VM operation: HandshakeAllThreads done
Event: 0.713 Executing VM operation: G1CollectForAllocation
Event: 0.717 Executing VM operation: G1CollectForAllocation done

Events (20 events):
Event: 0.471 loading class sun/font/TrueTypeFont$DirectoryEntry done
Event: 0.471 loading class java/nio/ByteBufferAsShortBufferB
Event: 0.471 loading class java/nio/ShortBuffer
Event: 0.471 loading class java/nio/ShortBuffer done
Event: 0.471 loading class java/nio/ByteBufferAsShortBufferB done
Event: 0.471 loading class sun/nio/cs/UTF_16$Decoder
Event: 0.472 loading class sun/nio/cs/UnicodeDecoder
Event: 0.472 loading class sun/nio/cs/UnicodeDecoder done
Event: 0.472 loading class sun/nio/cs/UTF_16$Decoder done
Event: 0.473 loading class sun/font/SunFontManager$4
Event: 0.473 loading class sun/font/SunFontManager$4 done
Event: 0.485 loading class jdk/internal/misc/ScopedMemoryAccess$Scope
Event: 0.485 loading class jdk/internal/misc/ScopedMemoryAccess$Scope done
Event: 0.495 loading class sun/font/SunFontManager$9
Event: 0.495 loading class sun/font/SunFontManager$9 done
Event: 0.496 loading class sun/font/SunFontManager$10
Event: 0.496 loading class sun/font/SunFontManager$10 done
Event: 0.685 loading class jdk/internal/access/foreign/MemorySegmentProxy
Event: 0.685 loading class jdk/internal/access/foreign/MemorySegmentProxy done
Event: 0.698 Thread 0x000001c7eb52fcb0 Thread added: 0x000001c7eb52fcb0


Dynamic libraries:
0x00007ff7db750000 - 0x00007ff7db75e000 	C:\Users\MajidKhan\AppData\Local\Programs\Eclipse Adoptium\jdk-17.0.8.101-hotspot\bin\java.exe
0x00007ffc717f0000 - 0x00007ffc719e8000 	C:\WINDOWS\SYSTEM32\ntdll.dll
0x00007ffc702c0000 - 0x00007ffc7037d000 	C:\WINDOWS\System32\KERNEL32.DLL
0x00007ffc6f200000 - 0x00007ffc6f4f6000 	C:\WINDOWS\System32\KERNELBASE.dll
0x00007ffc6f530000 - 0x00007ffc6f630000 	C:\WINDOWS\System32\ucrtbase.dll
0x00007ffc68690000 - 0x00007ffc686a7000 	C:\Users\MajidKhan\AppData\Local\Programs\Eclipse Adoptium\jdk-17.0.8.101-hotspot\bin\jli.dll
0x00007ffc691a0000 - 0x00007ffc691b9000 	C:\Users\MajidKhan\AppData\Local\Programs\Eclipse Adoptium\jdk-17.0.8.101-hotspot\bin\VCRUNTIME140.dll
0x00007ffc71020000 - 0x00007ffc711be000 	C:\WINDOWS\System32\USER32.dll
0x00007ffc6f630000 - 0x00007ffc6f652000 	C:\WINDOWS\System32\win32u.dll
0x00007ffc70f10000 - 0x00007ffc70f3c000 	C:\WINDOWS\System32\GDI32.dll
0x00007ffc5c040000 - 0x00007ffc5c2da000 	C:\WINDOWS\WinSxS\amd64_microsoft.windows.common-controls_6595b64144ccf1df_6.0.19041.3636_none_60b6a03d71f818d5\COMCTL32.dll
0x00007ffc6eed0000 - 0x00007ffc6efea000 	C:\WINDOWS\System32\gdi32full.dll
0x00007ffc6f160000 - 0x00007ffc6f1fd000 	C:\WINDOWS\System32\msvcp_win.dll
0x00007ffc70920000 - 0x00007ffc709be000 	C:\WINDOWS\System32\msvcrt.dll
0x00007ffc711c0000 - 0x00007ffc711f0000 	C:\WINDOWS\System32\IMM32.DLL
0x00007ffc69190000 - 0x00007ffc6919c000 	C:\Users\MajidKhan\AppData\Local\Programs\Eclipse Adoptium\jdk-17.0.8.101-hotspot\bin\vcruntime140_1.dll
0x00007ffc51550000 - 0x00007ffc515e1000 	C:\Users\MajidKhan\AppData\Local\Programs\Eclipse Adoptium\jdk-17.0.8.101-hotspot\bin\msvcp140.dll
0x00007ffc211e0000 - 0x00007ffc21e2c000 	C:\Users\MajidKhan\AppData\Local\Programs\Eclipse Adoptium\jdk-17.0.8.101-hotspot\bin\server\jvm.dll
0x00007ffc711f0000 - 0x00007ffc7129f000 	C:\WINDOWS\System32\ADVAPI32.dll
0x00007ffc70ba0000 - 0x00007ffc70c3c000 	C:\WINDOWS\System32\sechost.dll
0x00007ffc70380000 - 0x00007ffc704a6000 	C:\WINDOWS\System32\RPCRT4.dll
0x00007ffc6ed30000 - 0x00007ffc6ed7b000 	C:\WINDOWS\SYSTEM32\POWRPROF.dll
0x00007ffc58860000 - 0x00007ffc58869000 	C:\WINDOWS\SYSTEM32\WSOCK32.dll
0x00007ffc713e0000 - 0x00007ffc7144b000 	C:\WINDOWS\System32\WS2_32.dll
0x00007ffc6a5f0000 - 0x00007ffc6a617000 	C:\WINDOWS\SYSTEM32\WINMM.dll
0x00007ffc65550000 - 0x00007ffc6555a000 	C:\WINDOWS\SYSTEM32\VERSION.dll
0x00007ffc6ed10000 - 0x00007ffc6ed22000 	C:\WINDOWS\SYSTEM32\UMPDC.dll
0x00007ffc6d720000 - 0x00007ffc6d732000 	C:\WINDOWS\SYSTEM32\kernel.appcore.dll
0x00007ffc69180000 - 0x00007ffc6918a000 	C:\Users\MajidKhan\AppData\Local\Programs\Eclipse Adoptium\jdk-17.0.8.101-hotspot\bin\jimage.dll
0x00007ffc6cc70000 - 0x00007ffc6ce54000 	C:\WINDOWS\SYSTEM32\DBGHELP.DLL
0x00007ffc4e770000 - 0x00007ffc4e7a4000 	C:\WINDOWS\SYSTEM32\dbgcore.DLL
0x00007ffc6f660000 - 0x00007ffc6f6e2000 	C:\WINDOWS\System32\bcryptPrimitives.dll
0x00007ffc5b7d0000 - 0x00007ffc5b7f5000 	C:\Users\MajidKhan\AppData\Local\Programs\Eclipse Adoptium\jdk-17.0.8.101-hotspot\bin\java.dll
0x00007ffc52400000 - 0x00007ffc524d6000 	C:\Users\MajidKhan\AppData\Local\Programs\Eclipse Adoptium\jdk-17.0.8.101-hotspot\bin\jsvml.dll
0x00007ffc6f910000 - 0x00007ffc70054000 	C:\WINDOWS\System32\SHELL32.dll
0x00007ffc6ce60000 - 0x00007ffc6d5fb000 	C:\WINDOWS\SYSTEM32\windows.storage.dll
0x00007ffc71450000 - 0x00007ffc717a4000 	C:\WINDOWS\System32\combase.dll
0x00007ffc6e840000 - 0x00007ffc6e86d000 	C:\WINDOWS\SYSTEM32\Wldp.dll
0x00007ffc71330000 - 0x00007ffc713dd000 	C:\WINDOWS\System32\SHCORE.dll
0x00007ffc70eb0000 - 0x00007ffc70f05000 	C:\WINDOWS\System32\shlwapi.dll
0x00007ffc6ee00000 - 0x00007ffc6ee25000 	C:\WINDOWS\SYSTEM32\profapi.dll
0x00007ffc68b90000 - 0x00007ffc68ba9000 	C:\Users\MajidKhan\AppData\Local\Programs\Eclipse Adoptium\jdk-17.0.8.101-hotspot\bin\net.dll
0x00007ffc5d5f0000 - 0x00007ffc5d6fa000 	C:\WINDOWS\SYSTEM32\WINHTTP.dll
0x00007ffc6e5a0000 - 0x00007ffc6e60a000 	C:\WINDOWS\system32\mswsock.dll
0x00007ffc65ee0000 - 0x00007ffc65ef5000 	C:\Users\MajidKhan\AppData\Local\Programs\Eclipse Adoptium\jdk-17.0.8.101-hotspot\bin\nio.dll
0x00007ffc620d0000 - 0x00007ffc620e8000 	C:\Users\MajidKhan\AppData\Local\Programs\Eclipse Adoptium\jdk-17.0.8.101-hotspot\bin\zip.dll
0x00007ffc3df80000 - 0x00007ffc3e10e000 	C:\Users\MajidKhan\AppData\Local\Programs\Eclipse Adoptium\jdk-17.0.8.101-hotspot\bin\awt.dll
0x00007ffc70de0000 - 0x00007ffc70ead000 	C:\WINDOWS\System32\OLEAUT32.dll
0x00007ffc6c240000 - 0x00007ffc6c2d0000 	C:\WINDOWS\SYSTEM32\apphelp.dll
0x00007ffc6c7f0000 - 0x00007ffc6c81f000 	C:\WINDOWS\system32\DWMAPI.DLL
0x00007ffc6c500000 - 0x00007ffc6c59e000 	C:\WINDOWS\system32\uxtheme.dll
0x00007ffc544f0000 - 0x00007ffc54615000 	C:\WINDOWS\system32\opengl32.dll
0x00007ffc54460000 - 0x00007ffc5448c000 	C:\WINDOWS\SYSTEM32\GLU32.dll
0x00007ffc70060000 - 0x00007ffc70174000 	C:\WINDOWS\System32\MSCTF.dll
0x00007ffc70190000 - 0x00007ffc702bb000 	C:\WINDOWS\System32\ole32.dll
0x00007ffc57cf0000 - 0x00007ffc57d76000 	C:\Users\MajidKhan\AppData\Local\Programs\Eclipse Adoptium\jdk-17.0.8.101-hotspot\bin\freetype.dll
0x00007ffc502f0000 - 0x00007ffc503c3000 	C:\Users\MajidKhan\AppData\Local\Programs\Eclipse Adoptium\jdk-17.0.8.101-hotspot\bin\fontmanager.dll
0x00007ffc6f850000 - 0x00007ffc6f8f9000 	C:\WINDOWS\System32\clbcatq.dll
0x00007ffc67f40000 - 0x00007ffc680f4000 	C:\WINDOWS\SYSTEM32\WindowsCodecs.dll
0x00007ffc6f500000 - 0x00007ffc6f527000 	C:\WINDOWS\System32\bcrypt.dll
0x00007ffc5b670000 - 0x00007ffc5b6ae000 	C:\WINDOWS\system32\dataexchange.dll
0x00007ffc6a8e0000 - 0x00007ffc6ab43000 	C:\WINDOWS\system32\d3d11.dll
0x00007ffc6b5d0000 - 0x00007ffc6b7b3000 	C:\WINDOWS\system32\dcomp.dll
0x00007ffc6d8b0000 - 0x00007ffc6d9a3000 	C:\WINDOWS\system32\dxgi.dll
0x00007ffc68140000 - 0x00007ffc68347000 	C:\WINDOWS\system32\twinapi.appcore.dll
0x00007ffc64450000 - 0x00007ffc6454a000 	C:\WINDOWS\SYSTEM32\textinputframework.dll
0x00007ffc6bb40000 - 0x00007ffc6be9b000 	C:\WINDOWS\System32\CoreUIComponents.dll
0x00007ffc6bec0000 - 0x00007ffc6bfb2000 	C:\WINDOWS\System32\CoreMessaging.dll
0x00007ffc6dff0000 - 0x00007ffc6e023000 	C:\WINDOWS\SYSTEM32\ntmarta.dll
0x00007ffc6a780000 - 0x00007ffc6a8d5000 	C:\WINDOWS\SYSTEM32\wintypes.dll

dbghelp: loaded successfully - version: 4.0.5 - missing functions: none
symbol engine: initialized successfully - sym options: 0x614 - pdb path: .;C:\Users\MajidKhan\AppData\Local\Programs\Eclipse Adoptium\jdk-17.0.8.101-hotspot\bin;C:\WINDOWS\SYSTEM32;C:\WINDOWS\WinSxS\amd64_microsoft.windows.common-controls_6595b64144ccf1df_6.0.19041.3636_none_60b6a03d71f818d5;C:\Users\MajidKhan\AppData\Local\Programs\Eclipse Adoptium\jdk-17.0.8.101-hotspot\bin\server

VM Arguments:
jvm_args: -Dfile.encoding=UTF-8 --module-path=E:\MY DATA\University Data\SE 5th Semester\Software Construction by MR - Azhar\Final\My project\Employee Management System\build\classes 
java_command: employee.management.system.Addemployee
java_class_path (initial): E:\MY DATA\University Data\SE 5th Semester\Software Construction by MR - Azhar\Final\My project\Project Raw Materials\mysql-connector-java-8.0.28.jar;E:\MY DATA\University Data\SE 5th Semester\Software Construction by MR - Azhar\Final\My project\Employee Management System\build\classes
Launcher Type: SUN_STANDARD

[Global flags]
     intx CICompilerCount                          = 3                                         {product} {ergonomic}
     uint ConcGCThreads                            = 1                                         {product} {ergonomic}
     uint G1ConcRefinementThreads                  = 4                                         {product} {ergonomic}
   size_t G1HeapRegionSize                         = 1048576                                   {product} {ergonomic}
    uintx GCDrainStackTargetSize                   = 64                                        {product} {ergonomic}
   size_t InitialHeapSize                          = 130023424                                 {product} {ergonomic}
   size_t MarkStackSize                            = 4194304                                   {product} {ergonomic}
   size_t MaxHeapSize                              = 2055208960                                {product} {ergonomic}
   size_t MaxNewSize                               = 1233125376                                {product} {ergonomic}
   size_t MinHeapDeltaBytes                        = 1048576                                   {product} {ergonomic}
   size_t MinHeapSize                              = 8388608                                   {product} {ergonomic}
    uintx NonNMethodCodeHeapSize                   = 5832780                                {pd product} {ergonomic}
    uintx NonProfiledCodeHeapSize                  = 122912730                              {pd product} {ergonomic}
    uintx ProfiledCodeHeapSize                     = 122912730                              {pd product} {ergonomic}
    uintx ReservedCodeCacheSize                    = 251658240                              {pd product} {ergonomic}
     bool SegmentedCodeCache                       = true                                      {product} {ergonomic}
   size_t SoftMaxHeapSize                          = 2055208960                             {manageable} {ergonomic}
     bool UseCompressedClassPointers               = true                           {product lp64_product} {ergonomic}
     bool UseCompressedOops                        = true                           {product lp64_product} {ergonomic}
     bool UseG1GC                                  = true                                      {product} {ergonomic}
     bool UseLargePagesIndividualAllocation        = false                                  {pd product} {ergonomic}

Logging:
Log output configuration:
 #0: stdout all=warning uptime,level,tags
 #1: stderr all=off uptime,level,tags

Environment Variables:
JAVA_HOME=C:\Users\MajidKhan\AppData\Local\Programs\Eclipse Adoptium\jdk-17.0.8.101-hotspot\
PATH=C:\Python311\Scripts\;C:\Python311\;C:\Program Files (x86)\Common Files\Oracle\Java\javapath;C:\WINDOWS\system32;C:\WINDOWS;C:\WINDOWS\System32\Wbem;C:\WINDOWS\System32\WindowsPowerShell\v1.0\;C:\WINDOWS\System32\OpenSSH\;C:\Program Files\Microsoft SQL Server\150\Tools\Binn\;C:\MinGW\bin;C:\ProgramData\chocolatey\bin;C:\Program Files\nodejs\;C:\Program Files (x86)\Yarn\bin\;C:\Program Files\Git\cmd;C:\Program Files\MySQL\MySQL Shell 8.0\bin\;C:\Users\MajidKhan\.console-ninja\.bin;C:\Users\MajidKhan\AppData\Local\Programs\Eclipse Adoptium\jdk-17.0.8.101-hotspot\bin;C:\Users\MajidKhan\AppData\Local\Microsoft\WindowsApps;C:\src\flutter\bin\;C:\Users\MajidKhan\AppData\Local\Programs\Microsoft VS Code\bin;C:\Users\MajidKhan\.dotnet\tools;C:\Users\MajidKhan\AppData\Roaming\npm;C:\Users\MajidKhan\AppData\Local\Yarn\bin;C:\Users\MajidKhan\AppData\Local\Microsoft\WindowsApps;
USERNAME=MajidKhan
OS=Windows_NT
PROCESSOR_IDENTIFIER=Intel64 Family 6 Model 78 Stepping 3, GenuineIntel
TMP=C:\Users\MAJIDK~1\AppData\Local\Temp
TEMP=C:\Users\MAJIDK~1\AppData\Local\Temp



---------------  S Y S T E M  ---------------

OS:
 Windows 10 , 64 bit Build 19041 (10.0.19041.3636)
OS uptime: 9 days 20:30 hours

CPU: total 4 (initial active 4) (2 cores per cpu, 2 threads per core) family 6 model 78 stepping 3 microcode 0xea, cx8, cmov, fxsr, ht, mmx, 3dnowpref, sse, sse2, sse3, ssse3, sse4.1, sse4.2, popcnt, lzcnt, tsc, tscinvbit, avx, avx2, aes, erms, clmul, bmi1, bmi2, rtm, adx, fma, vzeroupper, clflush, clflushopt
Processor Information for processor 0
  Max Mhz: 2501, Current Mhz: 2501, Mhz Limit: 2501
Processor Information for processor 1
  Max Mhz: 2501, Current Mhz: 1500, Mhz Limit: 2501
Processor Information for processor 2
  Max Mhz: 2501, Current Mhz: 2501, Mhz Limit: 2501
Processor Information for processor 3
  Max Mhz: 2501, Current Mhz: 2501, Mhz Limit: 2501

Memory: 4k page, system-wide physical 7837M (2207M free)
TotalPageFile size 20736M (AvailPageFile size 0M)
current process WorkingSet (physical memory assigned to process): 75M, peak: 75M
current process commit charge ("private bytes"): 214M, peak: 214M

vm_info: OpenJDK 64-Bit Server VM (17.0.8.1+1) for windows-amd64 JRE (17.0.8.1+1), built on Aug 23 2023 15:29:17 by "admin" with MS VC++ 16.7 (VS2019)

END.
