#
# There is insufficient memory for the Java Runtime Environment to continue.
# Native memory allocation (mmap) failed to map 65536 bytes for Failed to commit metaspace.
# Possible reasons:
#   The system is out of physical RAM or swap space
#   The process is running with CompressedOops enabled, and the Java Heap may be blocking the growth of the native heap
# Possible solutions:
#   Reduce memory load on the system
#   Increase physical memory or swap space
#   Check if swap backing store is full
#   Decrease Java heap size (-Xmx/-Xms)
#   Decrease number of Java threads
#   Decrease Java thread stack sizes (-Xss)
#   Set larger code cache with -XX:ReservedCodeCacheSize=
#   JVM is running with Unscaled Compressed Oops mode in which the Java heap is
#     placed in the first 4GB address space. The Java Heap base address is the
#     maximum limit for the native heap growth. Please use -XX:HeapBaseMinAddress
#     to set the Java Heap base and to place the Java Heap above 4GB virtual address.
# This output file may be truncated or incomplete.
#
#  Out of Memory Error (virtualSpaceNode.cpp:110), pid=16908, tid=9484
#
# JRE version: OpenJDK Runtime Environment Temurin-17.0.8.1+1 (17.0.8.1+1) (build 17.0.8.1+1)
# Java VM: OpenJDK 64-Bit Server VM Temurin-17.0.8.1+1 (17.0.8.1+1, mixed mode, sharing, tiered, compressed oops, compressed class ptrs, g1 gc, windows-amd64)
# No core dump will be written. Minidumps are not enabled by default on client versions of Windows
#

---------------  S U M M A R Y ------------

Command Line: -Dfile.encoding=UTF-8 --module-path=E:\MY DATA\University Data\SE 5th Semester\Software Construction by MR - Azhar\Final\My project\Employee Management System\build\classes employee.management.system.Addemployee

Host: Intel(R) Core(TM) i5-6300U CPU @ 2.40GHz, 4 cores, 7G,  Windows 10 , 64 bit Build 19041 (10.0.19041.3636)
Time: Sat Jan 13 15:18:01 2024 Pakistan Standard Time elapsed time: 0.656875 seconds (0d 0h 0m 0s)

---------------  T H R E A D  ---------------

Current thread (0x000002ba3f816040):  JavaThread "AWT-EventQueue-0" [_thread_in_vm, id=9484, stack(0x000000e975700000,0x000000e975800000)]

Stack: [0x000000e975700000,0x000000e975800000]
Native frames: (J=compiled Java code, j=interpreted, Vv=VM code, C=native code)
V  [jvm.dll+0x678b0a]
V  [jvm.dll+0x835e84]
V  [jvm.dll+0x83762e]
V  [jvm.dll+0x837c93]
V  [jvm.dll+0x24746f]
V  [jvm.dll+0x831f1b]
V  [jvm.dll+0x61d3c6]
V  [jvm.dll+0x61d42a]
V  [jvm.dll+0x61fc5a]
V  [jvm.dll+0x61dd66]
V  [jvm.dll+0x36dea2]
V  [jvm.dll+0x1e35ab]
V  [jvm.dll+0x53fbc9]
V  [jvm.dll+0x1f2607]
V  [jvm.dll+0x7b06ab]
V  [jvm.dll+0x7b1a52]
V  [jvm.dll+0x7b21e9]
V  [jvm.dll+0x1ecb34]
V  [jvm.dll+0x1e1d3a]
V  [jvm.dll+0x53fba0]
V  [jvm.dll+0x1f2607]
V  [jvm.dll+0x7b06ab]
V  [jvm.dll+0x7b1a52]
V  [jvm.dll+0x7b1d88]
V  [jvm.dll+0x23f76e]
V  [jvm.dll+0x384d70]
C  0x000002ba30aabd0e

Java frames: (J=compiled Java code, j=interpreted, Vv=VM code)
j  javax.swing.RepaintManager.addDirtyRegion0(Ljava/awt/Container;IIII)V+83 java.desktop@17.0.8.1
j  javax.swing.RepaintManager.addDirtyRegion(Ljavax/swing/JComponent;IIII)V+33 java.desktop@17.0.8.1
j  javax.swing.JComponent.repaint(JIIII)V+15 java.desktop@17.0.8.1
j  java.awt.Component.repaint()V+12 java.desktop@17.0.8.1
j  javax.swing.JTextField$ScrollRepainter.stateChanged(Ljavax/swing/event/ChangeEvent;)V+4 java.desktop@17.0.8.1
j  javax.swing.DefaultBoundedRangeModel.fireStateChanged()V+56 java.desktop@17.0.8.1
j  javax.swing.DefaultBoundedRangeModel.setRangeProperties(IIIIZ)V+130 java.desktop@17.0.8.1
j  javax.swing.text.FieldView.adjustAllocation(Ljava/awt/Shape;)Ljava/awt/Shape;+160 java.desktop@17.0.8.1
j  javax.swing.text.FieldView.adjustPaintRegion(Ljava/awt/Shape;)Ljava/awt/Shape;+2 java.desktop@17.0.8.1
j  javax.swing.text.PlainView.paint(Ljava/awt/Graphics;Ljava/awt/Shape;)V+4 java.desktop@17.0.8.1
j  javax.swing.text.FieldView.paint(Ljava/awt/Graphics;Ljava/awt/Shape;)V+28 java.desktop@17.0.8.1
j  javax.swing.plaf.basic.BasicTextUI$RootView.paint(Ljava/awt/Graphics;Ljava/awt/Shape;)V+48 java.desktop@17.0.8.1
j  javax.swing.plaf.basic.BasicTextUI.paintSafely(Ljava/awt/Graphics;)V+65 java.desktop@17.0.8.1
j  javax.swing.plaf.basic.BasicTextUI.paint(Ljava/awt/Graphics;Ljavax/swing/JComponent;)V+45 java.desktop@17.0.8.1
j  javax.swing.plaf.basic.BasicTextUI.update(Ljava/awt/Graphics;Ljavax/swing/JComponent;)V+3 java.desktop@17.0.8.1
j  javax.swing.JComponent.paintComponent(Ljava/awt/Graphics;)V+26 java.desktop@17.0.8.1
j  javax.swing.JComponent.paint(Ljava/awt/Graphics;)V+286 java.desktop@17.0.8.1
j  javax.swing.JComponent.paintChildren(Ljava/awt/Graphics;)V+523 java.desktop@17.0.8.1
j  javax.swing.JComponent.paint(Ljava/awt/Graphics;)V+318 java.desktop@17.0.8.1
j  javax.swing.JComponent.paintChildren(Ljava/awt/Graphics;)V+523 java.desktop@17.0.8.1
j  javax.swing.JComponent.paint(Ljava/awt/Graphics;)V+318 java.desktop@17.0.8.1
j  javax.swing.JLayeredPane.paint(Ljava/awt/Graphics;)V+73 java.desktop@17.0.8.1
j  javax.swing.JComponent.paintChildren(Ljava/awt/Graphics;)V+523 java.desktop@17.0.8.1
j  javax.swing.JComponent.paintToOffscreen(Ljava/awt/Graphics;IIIIII)V+72 java.desktop@17.0.8.1
j  javax.swing.RepaintManager$PaintManager.paintDoubleBufferedImpl(Ljavax/swing/JComponent;Ljava/awt/Image;Ljava/awt/Graphics;IIII)V+163 java.desktop@17.0.8.1
j  javax.swing.RepaintManager$PaintManager.paintDoubleBuffered(Ljavax/swing/JComponent;Ljava/awt/Image;Ljava/awt/Graphics;IIII)V+46 java.desktop@17.0.8.1
j  javax.swing.RepaintManager$PaintManager.paint(Ljavax/swing/JComponent;Ljavax/swing/JComponent;Ljava/awt/Graphics;IIII)Z+128 java.desktop@17.0.8.1
j  javax.swing.RepaintManager.paint(Ljavax/swing/JComponent;Ljavax/swing/JComponent;Ljava/awt/Graphics;IIII)V+52 java.desktop@17.0.8.1
j  javax.swing.JComponent.paint(Ljava/awt/Graphics;)V+221 java.desktop@17.0.8.1
j  java.awt.GraphicsCallback$PaintCallback.run(Ljava/awt/Component;Ljava/awt/Graphics;)V+2 java.desktop@17.0.8.1
j  sun.awt.SunGraphicsCallback.runOneComponent(Ljava/awt/Component;Ljava/awt/Rectangle;Ljava/awt/Graphics;Ljava/awt/Shape;I)V+130 java.desktop@17.0.8.1
j  sun.awt.SunGraphicsCallback.runComponents([Ljava/awt/Component;Ljava/awt/Graphics;I)V+157 java.desktop@17.0.8.1
j  java.awt.Container.paint(Ljava/awt/Graphics;)V+58 java.desktop@17.0.8.1
j  java.awt.Window.paint(Ljava/awt/Graphics;)V+68 java.desktop@17.0.8.1
j  javax.swing.RepaintManager$4.run()Ljava/lang/Void;+142 java.desktop@17.0.8.1
j  javax.swing.RepaintManager$4.run()Ljava/lang/Object;+1 java.desktop@17.0.8.1
j  java.security.AccessController.executePrivileged(Ljava/security/PrivilegedAction;Ljava/security/AccessControlContext;Ljava/lang/Class;)Ljava/lang/Object;+29 java.base@17.0.8.1
j  java.security.AccessController.doPrivileged(Ljava/security/PrivilegedAction;Ljava/security/AccessControlContext;)Ljava/lang/Object;+13 java.base@17.0.8.1
j  java.security.ProtectionDomain$JavaSecurityAccessImpl.doIntersectionPrivilege(Ljava/security/PrivilegedAction;Ljava/security/AccessControlContext;Ljava/security/AccessControlContext;)Ljava/lang/Object;+18 java.base@17.0.8.1
j  javax.swing.RepaintManager.paintDirtyRegions(Ljava/util/Map;)V+154 java.desktop@17.0.8.1
j  javax.swing.RepaintManager.paintDirtyRegions()V+46 java.desktop@17.0.8.1
j  javax.swing.RepaintManager.prePaintDirtyRegions()V+73 java.desktop@17.0.8.1
j  javax.swing.RepaintManager$ProcessingRunnable.run()V+37 java.desktop@17.0.8.1
j  java.awt.event.InvocationEvent.dispatch()V+47 java.desktop@17.0.8.1
j  java.awt.EventQueue.dispatchEventImpl(Ljava/awt/AWTEvent;Ljava/lang/Object;)V+21 java.desktop@17.0.8.1
j  java.awt.EventQueue$4.run()Ljava/lang/Void;+32 java.desktop@17.0.8.1
j  java.awt.EventQueue$4.run()Ljava/lang/Object;+1 java.desktop@17.0.8.1
j  java.security.AccessController.executePrivileged(Ljava/security/PrivilegedAction;Ljava/security/AccessControlContext;Ljava/lang/Class;)Ljava/lang/Object;+29 java.base@17.0.8.1
j  java.security.AccessController.doPrivileged(Ljava/security/PrivilegedAction;Ljava/security/AccessControlContext;)Ljava/lang/Object;+13 java.base@17.0.8.1
j  java.security.ProtectionDomain$JavaSecurityAccessImpl.doIntersectionPrivilege(Ljava/security/PrivilegedAction;Ljava/security/AccessControlContext;Ljava/security/AccessControlContext;)Ljava/lang/Object;+18 java.base@17.0.8.1
j  java.awt.EventQueue.dispatchEvent(Ljava/awt/AWTEvent;)V+46 java.desktop@17.0.8.1
j  java.awt.EventDispatchThread.pumpOneEventForFilters(I)V+78 java.desktop@17.0.8.1
j  java.awt.EventDispatchThread.pumpEventsForFilter(ILjava/awt/Conditional;Ljava/awt/EventFilter;)V+35 java.desktop@17.0.8.1
j  java.awt.EventDispatchThread.pumpEventsForHierarchy(ILjava/awt/Conditional;Ljava/awt/Component;)V+11 java.desktop@17.0.8.1
j  java.awt.EventDispatchThread.pumpEvents(ILjava/awt/Conditional;)V+4 java.desktop@17.0.8.1
j  java.awt.EventDispatchThread.pumpEvents(Ljava/awt/Conditional;)V+3 java.desktop@17.0.8.1
j  java.awt.EventDispatchThread.run()V+9 java.desktop@17.0.8.1
v  ~StubRoutines::call_stub

---------------  P R O C E S S  ---------------

Threads class SMR info:
_java_thread_list=0x000002ba3f599710, length=16, elements={
0x000002ba3f2d99f0, 0x000002ba3f2da580, 0x000002ba3f2eae40, 0x000002ba3f2eb710,
0x000002ba3f2ec400, 0x000002ba3f2edd10, 0x000002ba3f2f95a0, 0x000002ba3f321f80,
0x000002ba3f3250c0, 0x000002ba3f522b30, 0x000002ba3f593a60, 0x000002ba3f775000,
0x000002ba3f7783a0, 0x000002ba3f7816b0, 0x000002ba3f816040, 0x000002ba21a68950
}

Java Threads: ( => current thread )
  0x000002ba3f2d99f0 JavaThread "Reference Handler" daemon [_thread_blocked, id=13560, stack(0x000000e974800000,0x000000e974900000)]
  0x000002ba3f2da580 JavaThread "Finalizer" daemon [_thread_blocked, id=8084, stack(0x000000e974900000,0x000000e974a00000)]
  0x000002ba3f2eae40 JavaThread "Signal Dispatcher" daemon [_thread_blocked, id=16424, stack(0x000000e974a00000,0x000000e974b00000)]
  0x000002ba3f2eb710 JavaThread "Attach Listener" daemon [_thread_blocked, id=16416, stack(0x000000e974b00000,0x000000e974c00000)]
  0x000002ba3f2ec400 JavaThread "Service Thread" daemon [_thread_blocked, id=16420, stack(0x000000e974c00000,0x000000e974d00000)]
  0x000002ba3f2edd10 JavaThread "Monitor Deflation Thread" daemon [_thread_blocked, id=16592, stack(0x000000e974d00000,0x000000e974e00000)]
  0x000002ba3f2f95a0 JavaThread "C2 CompilerThread0" daemon [_thread_blocked, id=4256, stack(0x000000e974e00000,0x000000e974f00000)]
  0x000002ba3f321f80 JavaThread "C1 CompilerThread0" daemon [_thread_blocked, id=7692, stack(0x000000e974f00000,0x000000e975000000)]
  0x000002ba3f3250c0 JavaThread "Sweeper thread" daemon [_thread_blocked, id=13288, stack(0x000000e975000000,0x000000e975100000)]
  0x000002ba3f522b30 JavaThread "Common-Cleaner" daemon [_thread_blocked, id=16940, stack(0x000000e975100000,0x000000e975200000)]
  0x000002ba3f593a60 JavaThread "Notification Thread" daemon [_thread_blocked, id=16948, stack(0x000000e975200000,0x000000e975300000)]
  0x000002ba3f775000 JavaThread "Java2D Disposer" daemon [_thread_blocked, id=16956, stack(0x000000e975400000,0x000000e975500000)]
  0x000002ba3f7783a0 JavaThread "AWT-Shutdown" [_thread_blocked, id=17004, stack(0x000000e975500000,0x000000e975600000)]
  0x000002ba3f7816b0 JavaThread "AWT-Windows" daemon [_thread_in_native, id=3036, stack(0x000000e975600000,0x000000e975700000)]
=>0x000002ba3f816040 JavaThread "AWT-EventQueue-0" [_thread_in_vm, id=9484, stack(0x000000e975700000,0x000000e975800000)]
  0x000002ba21a68950 JavaThread "DestroyJavaVM" [_thread_blocked, id=1000, stack(0x000000e974100000,0x000000e974200000)]

Other Threads:
  0x000002ba3f2d02f0 VMThread "VM Thread" [stack: 0x000000e974700000,0x000000e974800000] [id=16972]
  0x000002ba3f59a770 WatcherThread [stack: 0x000000e975300000,0x000000e975400000] [id=16952]
  0x000002ba21ac06b0 GCTaskThread "GC Thread#0" [stack: 0x000000e974200000,0x000000e974300000] [id=16616]
  0x000002ba21ad0a10 ConcurrentGCThread "G1 Main Marker" [stack: 0x000000e974300000,0x000000e974400000] [id=15044]
  0x000002ba21ad1ad0 ConcurrentGCThread "G1 Conc#0" [stack: 0x000000e974400000,0x000000e974500000] [id=5356]
  0x000002ba3f180490 ConcurrentGCThread "G1 Refine#0" [stack: 0x000000e974500000,0x000000e974600000] [id=1180]
  0x000002ba21b28d00 ConcurrentGCThread "G1 Service" [stack: 0x000000e974600000,0x000000e974700000] [id=11008]

Threads with active compile tasks:

VM state: not at safepoint (normal execution)

VM Mutex/Monitor currently owned by a thread:  ([mutex/lock_event])
[0x000002ba21a62e60] Metaspace_lock - owner thread: 0x000002ba3f816040

Heap address: 0x0000000085800000, size: 1960 MB, Compressed Oops mode: 32-bit

CDS archive(s) mapped at: [0x000002ba40000000-0x000002ba40bd0000-0x000002ba40bd0000), size 12386304, SharedBaseAddress: 0x000002ba40000000, ArchiveRelocationMode: 1.
Compressed class space mapped at: 0x000002ba41000000-0x000002ba81000000, reserved size: 1073741824
Narrow klass base: 0x000002ba40000000, Narrow klass shift: 0, Narrow klass range: 0x100000000

GC Precious Log:
 CPUs: 4 total, 4 available
 Memory: 7837M
 Large Page Support: Disabled
 NUMA Support: Disabled
 Compressed Oops: Enabled (32-bit)
 Heap Region Size: 1M
 Heap Min Capacity: 8M
 Heap Initial Capacity: 124M
 Heap Max Capacity: 1960M
 Pre-touch: Disabled
 Parallel Workers: 4
 Concurrent Workers: 1
 Concurrent Refinement Workers: 4
 Periodic GC: Disabled

Heap:
 garbage-first heap   total 126976K, used 8192K [0x0000000085800000, 0x0000000100000000)
  region size 1024K, 6 young (6144K), 0 survivors (0K)
 Metaspace       used 7057K, committed 7232K, reserved 1114112K
  class space    used 807K, committed 896K, reserved 1048576K

Heap Regions: E=young(eden), S=young(survivor), O=old, HS=humongous(starts), HC=humongous(continues), CS=collection set, F=free, OA=open archive, CA=closed archive, TAMS=top-at-mark-start (previous, next)
|   0|0x0000000085800000, 0x0000000085900000, 0x0000000085900000|100%|HS|  |TAMS 0x0000000085800000, 0x0000000085800000| Complete 
|   1|0x0000000085900000, 0x0000000085a00000, 0x0000000085a00000|100%|HC|  |TAMS 0x0000000085900000, 0x0000000085900000| Complete 
|   2|0x0000000085a00000, 0x0000000085b00000, 0x0000000085b00000|100%|HC|  |TAMS 0x0000000085a00000, 0x0000000085a00000| Complete 
|   3|0x0000000085b00000, 0x0000000085b00000, 0x0000000085c00000|  0%| F|  |TAMS 0x0000000085b00000, 0x0000000085b00000| Untracked 
|   4|0x0000000085c00000, 0x0000000085c00000, 0x0000000085d00000|  0%| F|  |TAMS 0x0000000085c00000, 0x0000000085c00000| Untracked 
|   5|0x0000000085d00000, 0x0000000085d00000, 0x0000000085e00000|  0%| F|  |TAMS 0x0000000085d00000, 0x0000000085d00000| Untracked 
|   6|0x0000000085e00000, 0x0000000085e00000, 0x0000000085f00000|  0%| F|  |TAMS 0x0000000085e00000, 0x0000000085e00000| Untracked 
|   7|0x0000000085f00000, 0x0000000085f00000, 0x0000000086000000|  0%| F|  |TAMS 0x0000000085f00000, 0x0000000085f00000| Untracked 
|   8|0x0000000086000000, 0x0000000086000000, 0x0000000086100000|  0%| F|  |TAMS 0x0000000086000000, 0x0000000086000000| Untracked 
|   9|0x0000000086100000, 0x0000000086100000, 0x0000000086200000|  0%| F|  |TAMS 0x0000000086100000, 0x0000000086100000| Untracked 
|  10|0x0000000086200000, 0x0000000086200000, 0x0000000086300000|  0%| F|  |TAMS 0x0000000086200000, 0x0000000086200000| Untracked 
|  11|0x0000000086300000, 0x0000000086300000, 0x0000000086400000|  0%| F|  |TAMS 0x0000000086300000, 0x0000000086300000| Untracked 
|  12|0x0000000086400000, 0x0000000086400000, 0x0000000086500000|  0%| F|  |TAMS 0x0000000086400000, 0x0000000086400000| Untracked 
|  13|0x0000000086500000, 0x0000000086500000, 0x0000000086600000|  0%| F|  |TAMS 0x0000000086500000, 0x0000000086500000| Untracked 
|  14|0x0000000086600000, 0x0000000086600000, 0x0000000086700000|  0%| F|  |TAMS 0x0000000086600000, 0x0000000086600000| Untracked 
|  15|0x0000000086700000, 0x0000000086700000, 0x0000000086800000|  0%| F|  |TAMS 0x0000000086700000, 0x0000000086700000| Untracked 
|  16|0x0000000086800000, 0x0000000086800000, 0x0000000086900000|  0%| F|  |TAMS 0x0000000086800000, 0x0000000086800000| Untracked 
|  17|0x0000000086900000, 0x0000000086900000, 0x0000000086a00000|  0%| F|  |TAMS 0x0000000086900000, 0x0000000086900000| Untracked 
|  18|0x0000000086a00000, 0x0000000086a00000, 0x0000000086b00000|  0%| F|  |TAMS 0x0000000086a00000, 0x0000000086a00000| Untracked 
|  19|0x0000000086b00000, 0x0000000086b00000, 0x0000000086c00000|  0%| F|  |TAMS 0x0000000086b00000, 0x0000000086b00000| Untracked 
|  20|0x0000000086c00000, 0x0000000086c00000, 0x0000000086d00000|  0%| F|  |TAMS 0x0000000086c00000, 0x0000000086c00000| Untracked 
|  21|0x0000000086d00000, 0x0000000086d00000, 0x0000000086e00000|  0%| F|  |TAMS 0x0000000086d00000, 0x0000000086d00000| Untracked 
|  22|0x0000000086e00000, 0x0000000086e00000, 0x0000000086f00000|  0%| F|  |TAMS 0x0000000086e00000, 0x0000000086e00000| Untracked 
|  23|0x0000000086f00000, 0x0000000086f00000, 0x0000000087000000|  0%| F|  |TAMS 0x0000000086f00000, 0x0000000086f00000| Untracked 
|  24|0x0000000087000000, 0x0000000087000000, 0x0000000087100000|  0%| F|  |TAMS 0x0000000087000000, 0x0000000087000000| Untracked 
|  25|0x0000000087100000, 0x0000000087100000, 0x0000000087200000|  0%| F|  |TAMS 0x0000000087100000, 0x0000000087100000| Untracked 
|  26|0x0000000087200000, 0x0000000087200000, 0x0000000087300000|  0%| F|  |TAMS 0x0000000087200000, 0x0000000087200000| Untracked 
|  27|0x0000000087300000, 0x0000000087300000, 0x0000000087400000|  0%| F|  |TAMS 0x0000000087300000, 0x0000000087300000| Untracked 
|  28|0x0000000087400000, 0x0000000087400000, 0x0000000087500000|  0%| F|  |TAMS 0x0000000087400000, 0x0000000087400000| Untracked 
|  29|0x0000000087500000, 0x0000000087500000, 0x0000000087600000|  0%| F|  |TAMS 0x0000000087500000, 0x0000000087500000| Untracked 
|  30|0x0000000087600000, 0x0000000087600000, 0x0000000087700000|  0%| F|  |TAMS 0x0000000087600000, 0x0000000087600000| Untracked 
|  31|0x0000000087700000, 0x0000000087700000, 0x0000000087800000|  0%| F|  |TAMS 0x0000000087700000, 0x0000000087700000| Untracked 
|  32|0x0000000087800000, 0x0000000087800000, 0x0000000087900000|  0%| F|  |TAMS 0x0000000087800000, 0x0000000087800000| Untracked 
|  33|0x0000000087900000, 0x0000000087900000, 0x0000000087a00000|  0%| F|  |TAMS 0x0000000087900000, 0x0000000087900000| Untracked 
|  34|0x0000000087a00000, 0x0000000087a00000, 0x0000000087b00000|  0%| F|  |TAMS 0x0000000087a00000, 0x0000000087a00000| Untracked 
|  35|0x0000000087b00000, 0x0000000087b00000, 0x0000000087c00000|  0%| F|  |TAMS 0x0000000087b00000, 0x0000000087b00000| Untracked 
|  36|0x0000000087c00000, 0x0000000087c00000, 0x0000000087d00000|  0%| F|  |TAMS 0x0000000087c00000, 0x0000000087c00000| Untracked 
|  37|0x0000000087d00000, 0x0000000087d00000, 0x0000000087e00000|  0%| F|  |TAMS 0x0000000087d00000, 0x0000000087d00000| Untracked 
|  38|0x0000000087e00000, 0x0000000087e00000, 0x0000000087f00000|  0%| F|  |TAMS 0x0000000087e00000, 0x0000000087e00000| Untracked 
|  39|0x0000000087f00000, 0x0000000087f00000, 0x0000000088000000|  0%| F|  |TAMS 0x0000000087f00000, 0x0000000087f00000| Untracked 
|  40|0x0000000088000000, 0x0000000088000000, 0x0000000088100000|  0%| F|  |TAMS 0x0000000088000000, 0x0000000088000000| Untracked 
|  41|0x0000000088100000, 0x0000000088100000, 0x0000000088200000|  0%| F|  |TAMS 0x0000000088100000, 0x0000000088100000| Untracked 
|  42|0x0000000088200000, 0x0000000088200000, 0x0000000088300000|  0%| F|  |TAMS 0x0000000088200000, 0x0000000088200000| Untracked 
|  43|0x0000000088300000, 0x0000000088300000, 0x0000000088400000|  0%| F|  |TAMS 0x0000000088300000, 0x0000000088300000| Untracked 
|  44|0x0000000088400000, 0x0000000088400000, 0x0000000088500000|  0%| F|  |TAMS 0x0000000088400000, 0x0000000088400000| Untracked 
|  45|0x0000000088500000, 0x0000000088500000, 0x0000000088600000|  0%| F|  |TAMS 0x0000000088500000, 0x0000000088500000| Untracked 
|  46|0x0000000088600000, 0x0000000088600000, 0x0000000088700000|  0%| F|  |TAMS 0x0000000088600000, 0x0000000088600000| Untracked 
|  47|0x0000000088700000, 0x0000000088700000, 0x0000000088800000|  0%| F|  |TAMS 0x0000000088700000, 0x0000000088700000| Untracked 
|  48|0x0000000088800000, 0x0000000088800000, 0x0000000088900000|  0%| F|  |TAMS 0x0000000088800000, 0x0000000088800000| Untracked 
|  49|0x0000000088900000, 0x0000000088900000, 0x0000000088a00000|  0%| F|  |TAMS 0x0000000088900000, 0x0000000088900000| Untracked 
|  50|0x0000000088a00000, 0x0000000088a00000, 0x0000000088b00000|  0%| F|  |TAMS 0x0000000088a00000, 0x0000000088a00000| Untracked 
|  51|0x0000000088b00000, 0x0000000088b00000, 0x0000000088c00000|  0%| F|  |TAMS 0x0000000088b00000, 0x0000000088b00000| Untracked 
|  52|0x0000000088c00000, 0x0000000088c00000, 0x0000000088d00000|  0%| F|  |TAMS 0x0000000088c00000, 0x0000000088c00000| Untracked 
|  53|0x0000000088d00000, 0x0000000088d00000, 0x0000000088e00000|  0%| F|  |TAMS 0x0000000088d00000, 0x0000000088d00000| Untracked 
|  54|0x0000000088e00000, 0x0000000088e00000, 0x0000000088f00000|  0%| F|  |TAMS 0x0000000088e00000, 0x0000000088e00000| Untracked 
|  55|0x0000000088f00000, 0x0000000088f00000, 0x0000000089000000|  0%| F|  |TAMS 0x0000000088f00000, 0x0000000088f00000| Untracked 
|  56|0x0000000089000000, 0x0000000089000000, 0x0000000089100000|  0%| F|  |TAMS 0x0000000089000000, 0x0000000089000000| Untracked 
|  57|0x0000000089100000, 0x0000000089100000, 0x0000000089200000|  0%| F|  |TAMS 0x0000000089100000, 0x0000000089100000| Untracked 
|  58|0x0000000089200000, 0x0000000089200000, 0x0000000089300000|  0%| F|  |TAMS 0x0000000089200000, 0x0000000089200000| Untracked 
|  59|0x0000000089300000, 0x0000000089300000, 0x0000000089400000|  0%| F|  |TAMS 0x0000000089300000, 0x0000000089300000| Untracked 
|  60|0x0000000089400000, 0x0000000089400000, 0x0000000089500000|  0%| F|  |TAMS 0x0000000089400000, 0x0000000089400000| Untracked 
|  61|0x0000000089500000, 0x0000000089500000, 0x0000000089600000|  0%| F|  |TAMS 0x0000000089500000, 0x0000000089500000| Untracked 
|  62|0x0000000089600000, 0x0000000089600000, 0x0000000089700000|  0%| F|  |TAMS 0x0000000089600000, 0x0000000089600000| Untracked 
|  63|0x0000000089700000, 0x0000000089700000, 0x0000000089800000|  0%| F|  |TAMS 0x0000000089700000, 0x0000000089700000| Untracked 
|  64|0x0000000089800000, 0x0000000089800000, 0x0000000089900000|  0%| F|  |TAMS 0x0000000089800000, 0x0000000089800000| Untracked 
|  65|0x0000000089900000, 0x0000000089900000, 0x0000000089a00000|  0%| F|  |TAMS 0x0000000089900000, 0x0000000089900000| Untracked 
|  66|0x0000000089a00000, 0x0000000089a00000, 0x0000000089b00000|  0%| F|  |TAMS 0x0000000089a00000, 0x0000000089a00000| Untracked 
|  67|0x0000000089b00000, 0x0000000089b00000, 0x0000000089c00000|  0%| F|  |TAMS 0x0000000089b00000, 0x0000000089b00000| Untracked 
|  68|0x0000000089c00000, 0x0000000089c00000, 0x0000000089d00000|  0%| F|  |TAMS 0x0000000089c00000, 0x0000000089c00000| Untracked 
|  69|0x0000000089d00000, 0x0000000089d00000, 0x0000000089e00000|  0%| F|  |TAMS 0x0000000089d00000, 0x0000000089d00000| Untracked 
|  70|0x0000000089e00000, 0x0000000089e00000, 0x0000000089f00000|  0%| F|  |TAMS 0x0000000089e00000, 0x0000000089e00000| Untracked 
|  71|0x0000000089f00000, 0x0000000089f00000, 0x000000008a000000|  0%| F|  |TAMS 0x0000000089f00000, 0x0000000089f00000| Untracked 
|  72|0x000000008a000000, 0x000000008a000000, 0x000000008a100000|  0%| F|  |TAMS 0x000000008a000000, 0x000000008a000000| Untracked 
|  73|0x000000008a100000, 0x000000008a100000, 0x000000008a200000|  0%| F|  |TAMS 0x000000008a100000, 0x000000008a100000| Untracked 
|  74|0x000000008a200000, 0x000000008a200000, 0x000000008a300000|  0%| F|  |TAMS 0x000000008a200000, 0x000000008a200000| Untracked 
|  75|0x000000008a300000, 0x000000008a300000, 0x000000008a400000|  0%| F|  |TAMS 0x000000008a300000, 0x000000008a300000| Untracked 
|  76|0x000000008a400000, 0x000000008a400000, 0x000000008a500000|  0%| F|  |TAMS 0x000000008a400000, 0x000000008a400000| Untracked 
|  77|0x000000008a500000, 0x000000008a500000, 0x000000008a600000|  0%| F|  |TAMS 0x000000008a500000, 0x000000008a500000| Untracked 
|  78|0x000000008a600000, 0x000000008a600000, 0x000000008a700000|  0%| F|  |TAMS 0x000000008a600000, 0x000000008a600000| Untracked 
|  79|0x000000008a700000, 0x000000008a700000, 0x000000008a800000|  0%| F|  |TAMS 0x000000008a700000, 0x000000008a700000| Untracked 
|  80|0x000000008a800000, 0x000000008a800000, 0x000000008a900000|  0%| F|  |TAMS 0x000000008a800000, 0x000000008a800000| Untracked 
|  81|0x000000008a900000, 0x000000008a900000, 0x000000008aa00000|  0%| F|  |TAMS 0x000000008a900000, 0x000000008a900000| Untracked 
|  82|0x000000008aa00000, 0x000000008aa00000, 0x000000008ab00000|  0%| F|  |TAMS 0x000000008aa00000, 0x000000008aa00000| Untracked 
|  83|0x000000008ab00000, 0x000000008ab00000, 0x000000008ac00000|  0%| F|  |TAMS 0x000000008ab00000, 0x000000008ab00000| Untracked 
|  84|0x000000008ac00000, 0x000000008ac00000, 0x000000008ad00000|  0%| F|  |TAMS 0x000000008ac00000, 0x000000008ac00000| Untracked 
|  85|0x000000008ad00000, 0x000000008ad00000, 0x000000008ae00000|  0%| F|  |TAMS 0x000000008ad00000, 0x000000008ad00000| Untracked 
|  86|0x000000008ae00000, 0x000000008ae00000, 0x000000008af00000|  0%| F|  |TAMS 0x000000008ae00000, 0x000000008ae00000| Untracked 
|  87|0x000000008af00000, 0x000000008af00000, 0x000000008b000000|  0%| F|  |TAMS 0x000000008af00000, 0x000000008af00000| Untracked 
|  88|0x000000008b000000, 0x000000008b000000, 0x000000008b100000|  0%| F|  |TAMS 0x000000008b000000, 0x000000008b000000| Untracked 
|  89|0x000000008b100000, 0x000000008b100000, 0x000000008b200000|  0%| F|  |TAMS 0x000000008b100000, 0x000000008b100000| Untracked 
|  90|0x000000008b200000, 0x000000008b200000, 0x000000008b300000|  0%| F|  |TAMS 0x000000008b200000, 0x000000008b200000| Untracked 
|  91|0x000000008b300000, 0x000000008b300000, 0x000000008b400000|  0%| F|  |TAMS 0x000000008b300000, 0x000000008b300000| Untracked 
|  92|0x000000008b400000, 0x000000008b400000, 0x000000008b500000|  0%| F|  |TAMS 0x000000008b400000, 0x000000008b400000| Untracked 
|  93|0x000000008b500000, 0x000000008b500000, 0x000000008b600000|  0%| F|  |TAMS 0x000000008b500000, 0x000000008b500000| Untracked 
|  94|0x000000008b600000, 0x000000008b600000, 0x000000008b700000|  0%| F|  |TAMS 0x000000008b600000, 0x000000008b600000| Untracked 
|  95|0x000000008b700000, 0x000000008b700000, 0x000000008b800000|  0%| F|  |TAMS 0x000000008b700000, 0x000000008b700000| Untracked 
|  96|0x000000008b800000, 0x000000008b800000, 0x000000008b900000|  0%| F|  |TAMS 0x000000008b800000, 0x000000008b800000| Untracked 
|  97|0x000000008b900000, 0x000000008b900000, 0x000000008ba00000|  0%| F|  |TAMS 0x000000008b900000, 0x000000008b900000| Untracked 
|  98|0x000000008ba00000, 0x000000008ba00000, 0x000000008bb00000|  0%| F|  |TAMS 0x000000008ba00000, 0x000000008ba00000| Untracked 
|  99|0x000000008bb00000, 0x000000008bb00000, 0x000000008bc00000|  0%| F|  |TAMS 0x000000008bb00000, 0x000000008bb00000| Untracked 
| 100|0x000000008bc00000, 0x000000008bc00000, 0x000000008bd00000|  0%| F|  |TAMS 0x000000008bc00000, 0x000000008bc00000| Untracked 
| 101|0x000000008bd00000, 0x000000008bd00000, 0x000000008be00000|  0%| F|  |TAMS 0x000000008bd00000, 0x000000008bd00000| Untracked 
| 102|0x000000008be00000, 0x000000008be00000, 0x000000008bf00000|  0%| F|  |TAMS 0x000000008be00000, 0x000000008be00000| Untracked 
| 103|0x000000008bf00000, 0x000000008bf00000, 0x000000008c000000|  0%| F|  |TAMS 0x000000008bf00000, 0x000000008bf00000| Untracked 
| 104|0x000000008c000000, 0x000000008c000000, 0x000000008c100000|  0%| F|  |TAMS 0x000000008c000000, 0x000000008c000000| Untracked 
| 105|0x000000008c100000, 0x000000008c100000, 0x000000008c200000|  0%| F|  |TAMS 0x000000008c100000, 0x000000008c100000| Untracked 
| 106|0x000000008c200000, 0x000000008c200000, 0x000000008c300000|  0%| F|  |TAMS 0x000000008c200000, 0x000000008c200000| Untracked 
| 107|0x000000008c300000, 0x000000008c300000, 0x000000008c400000|  0%| F|  |TAMS 0x000000008c300000, 0x000000008c300000| Untracked 
| 108|0x000000008c400000, 0x000000008c400000, 0x000000008c500000|  0%| F|  |TAMS 0x000000008c400000, 0x000000008c400000| Untracked 
| 109|0x000000008c500000, 0x000000008c500000, 0x000000008c600000|  0%| F|  |TAMS 0x000000008c500000, 0x000000008c500000| Untracked 
| 110|0x000000008c600000, 0x000000008c600000, 0x000000008c700000|  0%| F|  |TAMS 0x000000008c600000, 0x000000008c600000| Untracked 
| 111|0x000000008c700000, 0x000000008c700000, 0x000000008c800000|  0%| F|  |TAMS 0x000000008c700000, 0x000000008c700000| Untracked 
| 112|0x000000008c800000, 0x000000008c800000, 0x000000008c900000|  0%| F|  |TAMS 0x000000008c800000, 0x000000008c800000| Untracked 
| 113|0x000000008c900000, 0x000000008c900000, 0x000000008ca00000|  0%| F|  |TAMS 0x000000008c900000, 0x000000008c900000| Untracked 
| 114|0x000000008ca00000, 0x000000008ca00000, 0x000000008cb00000|  0%| F|  |TAMS 0x000000008ca00000, 0x000000008ca00000| Untracked 
| 115|0x000000008cb00000, 0x000000008cb00000, 0x000000008cc00000|  0%| F|  |TAMS 0x000000008cb00000, 0x000000008cb00000| Untracked 
| 116|0x000000008cc00000, 0x000000008cc00000, 0x000000008cd00000|  0%| F|  |TAMS 0x000000008cc00000, 0x000000008cc00000| Untracked 
| 117|0x000000008cd00000, 0x000000008cd00000, 0x000000008ce00000|  0%| F|  |TAMS 0x000000008cd00000, 0x000000008cd00000| Untracked 
| 118|0x000000008ce00000, 0x000000008cec8870, 0x000000008cf00000| 78%| E|  |TAMS 0x000000008ce00000, 0x000000008ce00000| Complete 
| 119|0x000000008cf00000, 0x000000008d000000, 0x000000008d000000|100%| E|CS|TAMS 0x000000008cf00000, 0x000000008cf00000| Complete 
| 120|0x000000008d000000, 0x000000008d100000, 0x000000008d100000|100%| E|CS|TAMS 0x000000008d000000, 0x000000008d000000| Complete 
| 121|0x000000008d100000, 0x000000008d200000, 0x000000008d200000|100%| E|CS|TAMS 0x000000008d100000, 0x000000008d100000| Complete 
| 122|0x000000008d200000, 0x000000008d300000, 0x000000008d300000|100%| E|CS|TAMS 0x000000008d200000, 0x000000008d200000| Complete 
| 123|0x000000008d300000, 0x000000008d400000, 0x000000008d400000|100%| E|CS|TAMS 0x000000008d300000, 0x000000008d300000| Complete 

Card table byte_map: [0x000002ba38940000,0x000002ba38d20000] _byte_map_base: 0x000002ba38514000

Marking Bits (Prev, Next): (CMBitMap*) 0x000002ba21ac0be0, (CMBitMap*) 0x000002ba21ac0c20
 Prev Bits: [0x000002ba39100000, 0x000002ba3afa0000)
 Next Bits: [0x000002ba3afa0000, 0x000002ba3ce40000)

Polling page: 0x000002ba1f9f0000

Metaspace:

Usage:
  Non-class:      6.10 MB used.
      Class:    807.77 KB used.
       Both:      6.89 MB used.

Virtual space:
  Non-class space:       64.00 MB reserved,       6.19 MB ( 10%) committed,  1 nodes.
      Class space:        1.00 GB reserved,     896.00 KB ( <1%) committed,  1 nodes.
             Both:        1.06 GB reserved,       7.06 MB ( <1%) committed. 

Chunk freelists:
   Non-Class:  9.00 MB
       Class:  15.12 MB
        Both:  24.12 MB

MaxMetaspaceSize: unlimited
CompressedClassSpaceSize: 1.00 GB
Initial GC threshold: 21.00 MB
Current GC threshold: 21.00 MB
CDS: on
MetaspaceReclaimPolicy: balanced
 - commit_granule_bytes: 65536.
 - commit_granule_words: 8192.
 - virtual_space_node_default_size: 8388608.
 - enlarge_chunks_in_place: 1.
 - new_chunks_are_fully_committed: 0.
 - uncommit_free_chunks: 1.
 - use_allocation_guard: 0.
 - handle_deallocations: 1.


Internal statistics:

num_allocs_failed_limit: 0.
num_arena_births: 106.
num_arena_deaths: 0.
num_vsnodes_births: 2.
num_vsnodes_deaths: 0.
num_space_committed: 113.
num_space_uncommitted: 0.
num_chunks_returned_to_freelist: 0.
num_chunks_taken_from_freelist: 152.
num_chunk_merges: 0.
num_chunk_splits: 82.
num_chunks_enlarged: 22.
num_inconsistent_stats: 0.

CodeHeap 'non-profiled nmethods': size=120000Kb used=197Kb max_used=197Kb free=119802Kb
 bounds [0x000002ba31030000, 0x000002ba312a0000, 0x000002ba38560000]
CodeHeap 'profiled nmethods': size=120000Kb used=941Kb max_used=941Kb free=119058Kb
 bounds [0x000002ba29560000, 0x000002ba297d0000, 0x000002ba30a90000]
CodeHeap 'non-nmethods': size=5760Kb used=1259Kb max_used=1259Kb free=4500Kb
 bounds [0x000002ba30a90000, 0x000002ba30d00000, 0x000002ba31030000]
 total_blobs=1255 nmethods=673 adapters=495
 compilation: enabled
              stopped_count=0, restarted_count=0
 full_count=0

Compilation events (20 events):
Event: 0.648 Thread 0x000002ba3f321f80  665       3       jdk.internal.misc.Unsafe::convEndian (16 bytes)
Event: 0.649 Thread 0x000002ba3f321f80 nmethod 665 0x000002ba29648e10 code [0x000002ba29648fa0, 0x000002ba29649158]
Event: 0.649 Thread 0x000002ba3f321f80  666       3       java.lang.Short::reverseBytes (14 bytes)
Event: 0.649 Thread 0x000002ba3f321f80 nmethod 666 0x000002ba29649210 code [0x000002ba296493a0, 0x000002ba29649498]
Event: 0.649 Thread 0x000002ba3f321f80  667       3       java.nio.ByteBufferAsShortBufferB::get (30 bytes)
Event: 0.649 Thread 0x000002ba3f321f80 nmethod 667 0x000002ba29649510 code [0x000002ba29649740, 0x000002ba29649f68]
Event: 0.649 Thread 0x000002ba3f321f80  668       3       jdk.internal.misc.Unsafe::getShortUnaligned (12 bytes)
Event: 0.650 Thread 0x000002ba3f321f80 nmethod 668 0x000002ba2964a310 code [0x000002ba2964a4c0, 0x000002ba2964a6f8]
Event: 0.650 Thread 0x000002ba3f321f80  669       3       java.nio.ByteBufferAsShortBufferB::byteOffset (9 bytes)
Event: 0.650 Thread 0x000002ba3f321f80 nmethod 669 0x000002ba2964a810 code [0x000002ba2964a9a0, 0x000002ba2964aab8]
Event: 0.650 Thread 0x000002ba3f321f80  662       3       java.nio.ByteBufferAsCharBufferB::byteOffset (9 bytes)
Event: 0.650 Thread 0x000002ba3f321f80 nmethod 662 0x000002ba2964ab90 code [0x000002ba2964ad20, 0x000002ba2964ae38]
Event: 0.650 Thread 0x000002ba3f321f80  670       1       java.lang.Thread::isInterrupted (5 bytes)
Event: 0.650 Thread 0x000002ba3f321f80 nmethod 670 0x000002ba31060e90 code [0x000002ba31061020, 0x000002ba310610f8]
Event: 0.653 Thread 0x000002ba3f321f80  671       1       sun.nio.ch.NativeThread::current (2 bytes)
Event: 0.653 Thread 0x000002ba3f321f80 nmethod 671 0x000002ba31061190 code [0x000002ba31061320, 0x000002ba310613d8]
Event: 0.653 Thread 0x000002ba3f321f80  672       3       java.nio.channels.spi.AbstractInterruptibleChannel::isOpen (13 bytes)
Event: 0.653 Thread 0x000002ba3f321f80 nmethod 672 0x000002ba2964af10 code [0x000002ba2964b0a0, 0x000002ba2964b218]
Event: 0.653 Thread 0x000002ba3f321f80  673       3       java.nio.channels.spi.AbstractInterruptibleChannel::blockedOn (10 bytes)
Event: 0.653 Thread 0x000002ba3f321f80 nmethod 673 0x000002ba2964b290 code [0x000002ba2964b440, 0x000002ba2964b668]

GC Heap History (0 events):
No events

Dll operation events (9 events):
Event: 0.011 Loaded shared library C:\Users\MajidKhan\AppData\Local\Programs\Eclipse Adoptium\jdk-17.0.8.101-hotspot\bin\java.dll
Event: 0.056 Loaded shared library C:\Users\MajidKhan\AppData\Local\Programs\Eclipse Adoptium\jdk-17.0.8.101-hotspot\bin\jsvml.dll
Event: 0.133 Loaded shared library C:\Users\MajidKhan\AppData\Local\Programs\Eclipse Adoptium\jdk-17.0.8.101-hotspot\bin\net.dll
Event: 0.135 Loaded shared library C:\Users\MajidKhan\AppData\Local\Programs\Eclipse Adoptium\jdk-17.0.8.101-hotspot\bin\nio.dll
Event: 0.174 Loaded shared library C:\Users\MajidKhan\AppData\Local\Programs\Eclipse Adoptium\jdk-17.0.8.101-hotspot\bin\zip.dll
Event: 0.195 Loaded shared library C:\Users\MajidKhan\AppData\Local\Programs\Eclipse Adoptium\jdk-17.0.8.101-hotspot\bin\jimage.dll
Event: 0.222 Loaded shared library C:\Users\MajidKhan\AppData\Local\Programs\Eclipse Adoptium\jdk-17.0.8.101-hotspot\bin\awt.dll
Event: 0.532 Loaded shared library C:\Users\MajidKhan\AppData\Local\Programs\Eclipse Adoptium\jdk-17.0.8.101-hotspot\bin\freetype.dll
Event: 0.533 Loaded shared library C:\Users\MajidKhan\AppData\Local\Programs\Eclipse Adoptium\jdk-17.0.8.101-hotspot\bin\fontmanager.dll

Deoptimization events (8 events):
Event: 0.365 Thread 0x000002ba21a68950 Uncommon trap: trap_request=0xffffff45 fr.pc=0x000002ba3103ee88 relative=0x0000000000000928
Event: 0.365 Thread 0x000002ba21a68950 Uncommon trap: reason=unstable_if action=reinterpret pc=0x000002ba3103ee88 method=java.util.HashMap.putVal(ILjava/lang/Object;Ljava/lang/Object;ZZ)Ljava/lang/Object; @ 81 c2
Event: 0.365 Thread 0x000002ba21a68950 DEOPT PACKING pc=0x000002ba3103ee88 sp=0x000000e9741fe540
Event: 0.365 Thread 0x000002ba21a68950 DEOPT UNPACKING pc=0x000002ba30ae69a3 sp=0x000000e9741fe4e0 mode 2
Event: 0.569 Thread 0x000002ba21a68950 Uncommon trap: trap_request=0xffffff45 fr.pc=0x000002ba31059cd8 relative=0x0000000000000518
Event: 0.569 Thread 0x000002ba21a68950 Uncommon trap: reason=unstable_if action=reinterpret pc=0x000002ba31059cd8 method=java.lang.StringLatin1.replace([BCC)Ljava/lang/String; @ 19 c2
Event: 0.569 Thread 0x000002ba21a68950 DEOPT PACKING pc=0x000002ba31059cd8 sp=0x000000e9741fe8d0
Event: 0.569 Thread 0x000002ba21a68950 DEOPT UNPACKING pc=0x000002ba30ae69a3 sp=0x000000e9741fe850 mode 2

Classes unloaded (0 events):
No events

Classes redefined (0 events):
No events

Internal exceptions (16 events):
Event: 0.137 Thread 0x000002ba21a68950 Exception <a 'sun/nio/fs/WindowsException'{0x000000008d231740}> (0x000000008d231740) 
thrown [s\src\hotspot\share\prims\jni.cpp, line 516]
Event: 0.137 Thread 0x000002ba21a68950 Exception <a 'sun/nio/fs/WindowsException'{0x000000008d231e10}> (0x000000008d231e10) 
thrown [s\src\hotspot\share\prims\jni.cpp, line 516]
Event: 0.139 Thread 0x000002ba21a68950 Exception <a 'sun/nio/fs/WindowsException'{0x000000008d234a38}> (0x000000008d234a38) 
thrown [s\src\hotspot\share\prims\jni.cpp, line 516]
Event: 0.140 Thread 0x000002ba21a68950 Exception <a 'sun/nio/fs/WindowsException'{0x000000008d2357f0}> (0x000000008d2357f0) 
thrown [s\src\hotspot\share\prims\jni.cpp, line 516]
Event: 0.208 Thread 0x000002ba21a68950 Exception <a 'java/lang/ClassNotFoundException'{0x000000008d101980}: sun/awt/resources/spi/awtProvider> (0x000000008d101980) 
thrown [s\src\hotspot\share\classfile\systemDictionary.cpp, line 256]
Event: 0.245 Thread 0x000002ba21a68950 Exception <a 'java/io/FileNotFoundException'{0x000000008d154300}> (0x000000008d154300) 
thrown [s\src\hotspot\share\prims\jni.cpp, line 516]
Event: 0.257 Thread 0x000002ba21a68950 Exception <a 'java/io/FileNotFoundException'{0x000000008d181238}> (0x000000008d181238) 
thrown [s\src\hotspot\share\prims\jni.cpp, line 516]
Event: 0.315 Thread 0x000002ba21a68950 Exception <a 'java/lang/NoSuchMethodError'{0x000000008d1c5ae0}: 'java.lang.Object java.lang.invoke.DirectMethodHandle$Holder.invokeStaticInit(java.lang.Object)'> (0x000000008d1c5ae0) 
thrown [s\src\hotspot\share\interpreter\linkResolver.cpp, line 759]
Event: 0.368 Thread 0x000002ba21a68950 Exception <a 'java/lang/NoSuchMethodError'{0x000000008d052ba8}: 'void java.lang.invoke.DirectMethodHandle$Holder.invokeSpecial(java.lang.Object, java.lang.Object, java.lang.Object)'> (0x000000008d052ba8) 
thrown [s\src\hotspot\share\interpreter\linkResolver.cpp, line 759]
Event: 0.388 Thread 0x000002ba21a68950 Exception <a 'java/lang/NoSuchMethodError'{0x000000008d07cdd8}: 'java.lang.Object java.lang.invoke.DirectMethodHandle$Holder.newInvokeSpecial(java.lang.Object, java.lang.Object, java.lang.Object, java.lang.Object, java.lang.Object)'> (0x000000008d07cdd8) 
thrown [s\src\hotspot\share\interpreter\linkResolver.cpp, line 759]
Event: 0.393 Thread 0x000002ba21a68950 Exception <a 'java/lang/NoSuchMethodError'{0x000000008d088a40}: 'java.lang.Object java.lang.invoke.DirectMethodHandle$Holder.invokeStatic(java.lang.Object, int, java.lang.Object, java.lang.Object, java.lang.Object, java.lang.Object)'> (0x000000008d088a40) 
thrown [s\src\hotspot\share\interpreter\linkResolver.cpp, line 759]
Event: 0.404 Thread 0x000002ba21a68950 Exception <a 'java/lang/NoSuchMethodError'{0x000000008d0ae200}: 'java.lang.Object java.lang.invoke.DirectMethodHandle$Holder.invokeStatic(java.lang.Object, int, java.lang.Object)'> (0x000000008d0ae200) 
thrown [s\src\hotspot\share\interpreter\linkResolver.cpp, line 759]
Event: 0.457 Thread 0x000002ba21a68950 Exception <a 'java/lang/ClassNotFoundException'{0x000000008cf66290}: com/sun/swing/internal/plaf/metal/resources/spi/metalProvider> (0x000000008cf66290) 
thrown [s\src\hotspot\share\classfile\systemDictionary.cpp, line 256]
Event: 0.458 Thread 0x000002ba21a68950 Exception <a 'java/lang/ClassNotFoundException'{0x000000008cf6a0e8}: com/sun/swing/internal/plaf/basic/resources/spi/basicProvider> (0x000000008cf6a0e8) 
thrown [s\src\hotspot\share\classfile\systemDictionary.cpp, line 256]
Event: 0.526 Thread 0x000002ba21a68950 Exception <a 'java/lang/NoSuchMethodError'{0x000000008cfc23f8}: 'void java.lang.invoke.DirectMethodHandle$Holder.invokeStaticInit(java.lang.Object)'> (0x000000008cfc23f8) 
thrown [s\src\hotspot\share\interpreter\linkResolver.cpp, line 759]
Event: 0.609 Thread 0x000002ba3f7816b0 Exception <a 'java/lang/NoSuchMethodError'{0x000000008d010748}: 'void java.lang.invoke.DirectMethodHandle$Holder.invokeVirtual(java.lang.Object, java.lang.Object)'> (0x000000008d010748) 
thrown [s\src\hotspot\share\interpreter\linkResolver.cpp, line 759]

VM Operations (8 events):
Event: 0.141 Executing VM operation: HandshakeAllThreads
Event: 0.141 Executing VM operation: HandshakeAllThreads done
Event: 0.498 Executing VM operation: HandshakeAllThreads
Event: 0.498 Executing VM operation: HandshakeAllThreads done
Event: 0.555 Executing VM operation: HandshakeAllThreads
Event: 0.555 Executing VM operation: HandshakeAllThreads done
Event: 0.613 Executing VM operation: HandshakeAllThreads
Event: 0.613 Executing VM operation: HandshakeAllThreads done

Events (20 events):
Event: 0.645 loading class java/nio/ByteBufferAsCharBufferB
Event: 0.645 loading class java/nio/ByteBufferAsCharBufferB done
Event: 0.650 loading class sun/font/FontDesignMetrics$KeyReference
Event: 0.650 loading class sun/font/FontDesignMetrics$KeyReference done
Event: 0.650 loading class javax/swing/text/SegmentCache
Event: 0.650 loading class javax/swing/text/SegmentCache done
Event: 0.650 loading class javax/swing/text/SegmentCache$CachedSegment
Event: 0.650 loading class javax/swing/text/Segment
Event: 0.650 loading class java/text/CharacterIterator
Event: 0.650 loading class java/text/CharacterIterator done
Event: 0.651 loading class javax/swing/text/Segment done
Event: 0.651 loading class javax/swing/text/SegmentCache$CachedSegment done
Event: 0.651 loading class javax/swing/text/Utilities
Event: 0.651 loading class javax/swing/text/Utilities done
Event: 0.651 loading class sun/font/CompositeGlyphMapper
Event: 0.651 loading class sun/font/CompositeGlyphMapper done
Event: 0.653 loading class javax/swing/event/ChangeEvent
Event: 0.654 loading class javax/swing/event/ChangeEvent done
Event: 0.654 loading class java/applet/Applet
Event: 0.654 loading class java/awt/Panel


Dynamic libraries:
0x00007ff7db750000 - 0x00007ff7db75e000 	C:\Users\MajidKhan\AppData\Local\Programs\Eclipse Adoptium\jdk-17.0.8.101-hotspot\bin\java.exe
0x00007ffc717f0000 - 0x00007ffc719e8000 	C:\WINDOWS\SYSTEM32\ntdll.dll
0x00007ffc702c0000 - 0x00007ffc7037d000 	C:\WINDOWS\System32\KERNEL32.DLL
0x00007ffc6f200000 - 0x00007ffc6f4f6000 	C:\WINDOWS\System32\KERNELBASE.dll
0x00007ffc6f530000 - 0x00007ffc6f630000 	C:\WINDOWS\System32\ucrtbase.dll
0x00007ffc68680000 - 0x00007ffc68697000 	C:\Users\MajidKhan\AppData\Local\Programs\Eclipse Adoptium\jdk-17.0.8.101-hotspot\bin\jli.dll
0x00007ffc691a0000 - 0x00007ffc691b9000 	C:\Users\MajidKhan\AppData\Local\Programs\Eclipse Adoptium\jdk-17.0.8.101-hotspot\bin\VCRUNTIME140.dll
0x00007ffc71020000 - 0x00007ffc711be000 	C:\WINDOWS\System32\USER32.dll
0x00007ffc6f630000 - 0x00007ffc6f652000 	C:\WINDOWS\System32\win32u.dll
0x00007ffc5c040000 - 0x00007ffc5c2da000 	C:\WINDOWS\WinSxS\amd64_microsoft.windows.common-controls_6595b64144ccf1df_6.0.19041.3636_none_60b6a03d71f818d5\COMCTL32.dll
0x00007ffc70f10000 - 0x00007ffc70f3c000 	C:\WINDOWS\System32\GDI32.dll
0x00007ffc70920000 - 0x00007ffc709be000 	C:\WINDOWS\System32\msvcrt.dll
0x00007ffc6eed0000 - 0x00007ffc6efea000 	C:\WINDOWS\System32\gdi32full.dll
0x00007ffc6f160000 - 0x00007ffc6f1fd000 	C:\WINDOWS\System32\msvcp_win.dll
0x00007ffc711c0000 - 0x00007ffc711f0000 	C:\WINDOWS\System32\IMM32.DLL
0x00007ffc69190000 - 0x00007ffc6919c000 	C:\Users\MajidKhan\AppData\Local\Programs\Eclipse Adoptium\jdk-17.0.8.101-hotspot\bin\vcruntime140_1.dll
0x00007ffc51550000 - 0x00007ffc515e1000 	C:\Users\MajidKhan\AppData\Local\Programs\Eclipse Adoptium\jdk-17.0.8.101-hotspot\bin\msvcp140.dll
0x00007ffc211e0000 - 0x00007ffc21e2c000 	C:\Users\MajidKhan\AppData\Local\Programs\Eclipse Adoptium\jdk-17.0.8.101-hotspot\bin\server\jvm.dll
0x00007ffc711f0000 - 0x00007ffc7129f000 	C:\WINDOWS\System32\ADVAPI32.dll
0x00007ffc70ba0000 - 0x00007ffc70c3c000 	C:\WINDOWS\System32\sechost.dll
0x00007ffc70380000 - 0x00007ffc704a6000 	C:\WINDOWS\System32\RPCRT4.dll
0x00007ffc6ed30000 - 0x00007ffc6ed7b000 	C:\WINDOWS\SYSTEM32\POWRPROF.dll
0x00007ffc58860000 - 0x00007ffc58869000 	C:\WINDOWS\SYSTEM32\WSOCK32.dll
0x00007ffc713e0000 - 0x00007ffc7144b000 	C:\WINDOWS\System32\WS2_32.dll
0x00007ffc6a5f0000 - 0x00007ffc6a617000 	C:\WINDOWS\SYSTEM32\WINMM.dll
0x00007ffc65550000 - 0x00007ffc6555a000 	C:\WINDOWS\SYSTEM32\VERSION.dll
0x00007ffc6ed10000 - 0x00007ffc6ed22000 	C:\WINDOWS\SYSTEM32\UMPDC.dll
0x00007ffc6d720000 - 0x00007ffc6d732000 	C:\WINDOWS\SYSTEM32\kernel.appcore.dll
0x00007ffc69180000 - 0x00007ffc6918a000 	C:\Users\MajidKhan\AppData\Local\Programs\Eclipse Adoptium\jdk-17.0.8.101-hotspot\bin\jimage.dll
0x00007ffc6cc70000 - 0x00007ffc6ce54000 	C:\WINDOWS\SYSTEM32\DBGHELP.DLL
0x00007ffc4e770000 - 0x00007ffc4e7a4000 	C:\WINDOWS\SYSTEM32\dbgcore.DLL
0x00007ffc6f660000 - 0x00007ffc6f6e2000 	C:\WINDOWS\System32\bcryptPrimitives.dll
0x00007ffc5b7d0000 - 0x00007ffc5b7f5000 	C:\Users\MajidKhan\AppData\Local\Programs\Eclipse Adoptium\jdk-17.0.8.101-hotspot\bin\java.dll
0x00007ffc52400000 - 0x00007ffc524d6000 	C:\Users\MajidKhan\AppData\Local\Programs\Eclipse Adoptium\jdk-17.0.8.101-hotspot\bin\jsvml.dll
0x00007ffc6f910000 - 0x00007ffc70054000 	C:\WINDOWS\System32\SHELL32.dll
0x00007ffc6ce60000 - 0x00007ffc6d5fb000 	C:\WINDOWS\SYSTEM32\windows.storage.dll
0x00007ffc71450000 - 0x00007ffc717a4000 	C:\WINDOWS\System32\combase.dll
0x00007ffc6e840000 - 0x00007ffc6e86d000 	C:\WINDOWS\SYSTEM32\Wldp.dll
0x00007ffc71330000 - 0x00007ffc713dd000 	C:\WINDOWS\System32\SHCORE.dll
0x00007ffc70eb0000 - 0x00007ffc70f05000 	C:\WINDOWS\System32\shlwapi.dll
0x00007ffc6ee00000 - 0x00007ffc6ee25000 	C:\WINDOWS\SYSTEM32\profapi.dll
0x00007ffc68b90000 - 0x00007ffc68ba9000 	C:\Users\MajidKhan\AppData\Local\Programs\Eclipse Adoptium\jdk-17.0.8.101-hotspot\bin\net.dll
0x00007ffc5d5f0000 - 0x00007ffc5d6fa000 	C:\WINDOWS\SYSTEM32\WINHTTP.dll
0x00007ffc6e5a0000 - 0x00007ffc6e60a000 	C:\WINDOWS\system32\mswsock.dll
0x00007ffc65ee0000 - 0x00007ffc65ef5000 	C:\Users\MajidKhan\AppData\Local\Programs\Eclipse Adoptium\jdk-17.0.8.101-hotspot\bin\nio.dll
0x00007ffc620d0000 - 0x00007ffc620e8000 	C:\Users\MajidKhan\AppData\Local\Programs\Eclipse Adoptium\jdk-17.0.8.101-hotspot\bin\zip.dll
0x00007ffc3df80000 - 0x00007ffc3e10e000 	C:\Users\MajidKhan\AppData\Local\Programs\Eclipse Adoptium\jdk-17.0.8.101-hotspot\bin\awt.dll
0x00007ffc70de0000 - 0x00007ffc70ead000 	C:\WINDOWS\System32\OLEAUT32.dll
0x00007ffc6c240000 - 0x00007ffc6c2d0000 	C:\WINDOWS\SYSTEM32\apphelp.dll
0x00007ffc6c7f0000 - 0x00007ffc6c81f000 	C:\WINDOWS\system32\DWMAPI.DLL
0x00007ffc6c500000 - 0x00007ffc6c59e000 	C:\WINDOWS\system32\uxtheme.dll
0x00007ffc544f0000 - 0x00007ffc54615000 	C:\WINDOWS\system32\opengl32.dll
0x00007ffc54460000 - 0x00007ffc5448c000 	C:\WINDOWS\SYSTEM32\GLU32.dll
0x00007ffc70060000 - 0x00007ffc70174000 	C:\WINDOWS\System32\MSCTF.dll
0x00007ffc70190000 - 0x00007ffc702bb000 	C:\WINDOWS\System32\ole32.dll
0x00007ffc57cf0000 - 0x00007ffc57d76000 	C:\Users\MajidKhan\AppData\Local\Programs\Eclipse Adoptium\jdk-17.0.8.101-hotspot\bin\freetype.dll
0x00007ffc502f0000 - 0x00007ffc503c3000 	C:\Users\MajidKhan\AppData\Local\Programs\Eclipse Adoptium\jdk-17.0.8.101-hotspot\bin\fontmanager.dll
0x00007ffc6f850000 - 0x00007ffc6f8f9000 	C:\WINDOWS\System32\clbcatq.dll
0x00007ffc67f40000 - 0x00007ffc680f4000 	C:\WINDOWS\SYSTEM32\WindowsCodecs.dll
0x00007ffc6f500000 - 0x00007ffc6f527000 	C:\WINDOWS\System32\bcrypt.dll
0x00007ffc5b670000 - 0x00007ffc5b6ae000 	C:\WINDOWS\system32\dataexchange.dll
0x00007ffc6a8e0000 - 0x00007ffc6ab43000 	C:\WINDOWS\system32\d3d11.dll
0x00007ffc6b5d0000 - 0x00007ffc6b7b3000 	C:\WINDOWS\system32\dcomp.dll
0x00007ffc6d8b0000 - 0x00007ffc6d9a3000 	C:\WINDOWS\system32\dxgi.dll
0x00007ffc68140000 - 0x00007ffc68347000 	C:\WINDOWS\system32\twinapi.appcore.dll
0x00007ffc64450000 - 0x00007ffc6454a000 	C:\WINDOWS\SYSTEM32\textinputframework.dll
0x00007ffc6bb40000 - 0x00007ffc6be9b000 	C:\WINDOWS\System32\CoreUIComponents.dll
0x00007ffc6bec0000 - 0x00007ffc6bfb2000 	C:\WINDOWS\System32\CoreMessaging.dll
0x00007ffc6dff0000 - 0x00007ffc6e023000 	C:\WINDOWS\SYSTEM32\ntmarta.dll
0x00007ffc6a780000 - 0x00007ffc6a8d5000 	C:\WINDOWS\SYSTEM32\wintypes.dll

dbghelp: loaded successfully - version: 4.0.5 - missing functions: none
symbol engine: initialized successfully - sym options: 0x614 - pdb path: .;C:\Users\MajidKhan\AppData\Local\Programs\Eclipse Adoptium\jdk-17.0.8.101-hotspot\bin;C:\WINDOWS\SYSTEM32;C:\WINDOWS\WinSxS\amd64_microsoft.windows.common-controls_6595b64144ccf1df_6.0.19041.3636_none_60b6a03d71f818d5;C:\Users\MajidKhan\AppData\Local\Programs\Eclipse Adoptium\jdk-17.0.8.101-hotspot\bin\server

VM Arguments:
jvm_args: -Dfile.encoding=UTF-8 --module-path=E:\MY DATA\University Data\SE 5th Semester\Software Construction by MR - Azhar\Final\My project\Employee Management System\build\classes 
java_command: employee.management.system.Addemployee
java_class_path (initial): E:\MY DATA\University Data\SE 5th Semester\Software Construction by MR - Azhar\Final\My project\Project Raw Materials\mysql-connector-java-8.0.28.jar;E:\MY DATA\University Data\SE 5th Semester\Software Construction by MR - Azhar\Final\My project\Employee Management System\build\classes
Launcher Type: SUN_STANDARD

[Global flags]
     intx CICompilerCount                          = 3                                         {product} {ergonomic}
     uint ConcGCThreads                            = 1                                         {product} {ergonomic}
     uint G1ConcRefinementThreads                  = 4                                         {product} {ergonomic}
   size_t G1HeapRegionSize                         = 1048576                                   {product} {ergonomic}
    uintx GCDrainStackTargetSize                   = 64                                        {product} {ergonomic}
   size_t InitialHeapSize                          = 130023424                                 {product} {ergonomic}
   size_t MarkStackSize                            = 4194304                                   {product} {ergonomic}
   size_t MaxHeapSize                              = 2055208960                                {product} {ergonomic}
   size_t MaxNewSize                               = 1233125376                                {product} {ergonomic}
   size_t MinHeapDeltaBytes                        = 1048576                                   {product} {ergonomic}
   size_t MinHeapSize                              = 8388608                                   {product} {ergonomic}
    uintx NonNMethodCodeHeapSize                   = 5832780                                {pd product} {ergonomic}
    uintx NonProfiledCodeHeapSize                  = 122912730                              {pd product} {ergonomic}
    uintx ProfiledCodeHeapSize                     = 122912730                              {pd product} {ergonomic}
    uintx ReservedCodeCacheSize                    = 251658240                              {pd product} {ergonomic}
     bool SegmentedCodeCache                       = true                                      {product} {ergonomic}
   size_t SoftMaxHeapSize                          = 2055208960                             {manageable} {ergonomic}
     bool UseCompressedClassPointers               = true                           {product lp64_product} {ergonomic}
     bool UseCompressedOops                        = true                           {product lp64_product} {ergonomic}
     bool UseG1GC                                  = true                                      {product} {ergonomic}
     bool UseLargePagesIndividualAllocation        = false                                  {pd product} {ergonomic}

Logging:
Log output configuration:
 #0: stdout all=warning uptime,level,tags
 #1: stderr all=off uptime,level,tags

Environment Variables:
JAVA_HOME=C:\Users\MajidKhan\AppData\Local\Programs\Eclipse Adoptium\jdk-17.0.8.101-hotspot\
PATH=C:\Python311\Scripts\;C:\Python311\;C:\Program Files (x86)\Common Files\Oracle\Java\javapath;C:\WINDOWS\system32;C:\WINDOWS;C:\WINDOWS\System32\Wbem;C:\WINDOWS\System32\WindowsPowerShell\v1.0\;C:\WINDOWS\System32\OpenSSH\;C:\Program Files\Microsoft SQL Server\150\Tools\Binn\;C:\MinGW\bin;C:\ProgramData\chocolatey\bin;C:\Program Files\nodejs\;C:\Program Files (x86)\Yarn\bin\;C:\Program Files\Git\cmd;C:\Users\MajidKhan\.console-ninja\.bin;C:\Users\MajidKhan\AppData\Local\Programs\Eclipse Adoptium\jdk-17.0.8.101-hotspot\bin;C:\Users\MajidKhan\AppData\Local\Microsoft\WindowsApps;C:\src\flutter\bin\;C:\Users\MajidKhan\AppData\Local\Programs\Microsoft VS Code\bin;C:\Users\MajidKhan\.dotnet\tools;C:\Users\MajidKhan\AppData\Roaming\npm;C:\Users\MajidKhan\AppData\Local\Yarn\bin;%USERPROFILE%\AppData\Local\Microsoft\WindowsApps;
USERNAME=MajidKhan
OS=Windows_NT
PROCESSOR_IDENTIFIER=Intel64 Family 6 Model 78 Stepping 3, GenuineIntel
TMP=C:\Users\MAJIDK~1\AppData\Local\Temp
TEMP=C:\Users\MAJIDK~1\AppData\Local\Temp



---------------  S Y S T E M  ---------------

OS:
 Windows 10 , 64 bit Build 19041 (10.0.19041.3636)
OS uptime: 9 days 17:06 hours

CPU: total 4 (initial active 4) (2 cores per cpu, 2 threads per core) family 6 model 78 stepping 3 microcode 0xea, cx8, cmov, fxsr, ht, mmx, 3dnowpref, sse, sse2, sse3, ssse3, sse4.1, sse4.2, popcnt, lzcnt, tsc, tscinvbit, avx, avx2, aes, erms, clmul, bmi1, bmi2, rtm, adx, fma, vzeroupper, clflush, clflushopt
Processor Information for all 4 processors :
  Max Mhz: 2501, Current Mhz: 2501, Mhz Limit: 2501

Memory: 4k page, system-wide physical 7837M (483M free)
TotalPageFile size 20736M (AvailPageFile size 0M)
current process WorkingSet (physical memory assigned to process): 59M, peak: 59M
current process commit charge ("private bytes"): 209M, peak: 209M

vm_info: OpenJDK 64-Bit Server VM (17.0.8.1+1) for windows-amd64 JRE (17.0.8.1+1), built on Aug 23 2023 15:29:17 by "admin" with MS VC++ 16.7 (VS2019)

END.
